LOCAL vm : 1.8.0_05
Path: /Users/aarong/git/jsure/jsure-analysis/bin
Path: /Users/aarong/git/common/common/lib/runtime/commons-codec-1.10.jar
Path: /Users/aarong/git/common/common/lib/runtime/trove-3.0.3.jar
Path: /Users/aarong/git/common/common/lib/runtime/antlr-3.5.2-runtime.jar
Path: /Users/aarong/git/common/common/lib/runtime/servlet-api-3.1.jar
Path: /Users/aarong/git/jsure/jsure-common/lib/runtime/diffutils-1.2.1.jar
Path: /Users/aarong/git/common/common/bin
Path: /Users/aarong/git/common/common/lib/runtime/asm-5.0.2.jar
Path: /Users/aarong/git/jsure/jsure-analysis/lib/runtime/renamedJavac.jar
Path: /Users/aarong/git/common/common/lib/runtime/asm-tree-5.0.2.jar
Path: /Users/aarong/git/common/common/lib/runtime/promises-5.6.0.jar
Path: /Users/aarong/git/jsure/jsure-analysis/lib/runtime/log4j-xml-1.3alpha-8.jar
Path: /Users/aarong/git/common/common/lib/runtime/derby-10.11.1.1.jar
Path: /Users/aarong/git/jsure/jsure-common/bin
Path: /Users/aarong/git/common/common/lib/runtime/ant-1.9.4.jar
Path: /Users/aarong/git/common/common/lib/runtime/collections-generic-4.0.jar
Path: /Users/aarong/git/jsure/jsure-analysis/lib/runtime/log4j-1.3alpha-8.jar
Path: /Users/aarong/git/common/common/lib/runtime/asm-commons-5.0.2.jar
Path: /Users/aarong/git/common/common/lib/runtime/commons-lang3-3.3.2.jar
Path: /Users/aarong/git/common/common/lib/runtime/commons-io-2.4.jar
Starting process:
	/Library/Java/JavaVirtualMachines/jdk1.8.0_05.jdk/Contents/Home/jre/bin/java
	-Dsl.running.in.remote.vm=true
	-Dsurelogic.test.code=NONE
	-XX:MaxPermSize=512m
	-verbosegc
	-DSureLogicX=true
	-Dsl.run.dir=/Users/aarong/Work/Eclipse-Workspaces/Eclipse-luna/Fluid Regression/.jsure-data/TestUtilityAssurance-2015.06.16-at-14.42.19.234
	-Dfluid.ir.versioning=Versioning.Off
	-Dfluid.directory.url=file:/Eclipses/eclipse-standard-luna-SR2-macosx-cocoa-x86_64/../../Users/aarong/git/jsure/jsure-analysis/
	-Xmx2048m
	-classpath
	/Users/aarong/git/jsure/jsure-analysis/bin:/Users/aarong/git/common/common/lib/runtime/commons-codec-1.10.jar:/Users/aarong/git/common/common/lib/runtime/trove-3.0.3.jar:/Users/aarong/git/common/common/lib/runtime/antlr-3.5.2-runtime.jar:/Users/aarong/git/common/common/lib/runtime/servlet-api-3.1.jar:/Users/aarong/git/jsure/jsure-common/lib/runtime/diffutils-1.2.1.jar:/Users/aarong/git/common/common/bin:/Users/aarong/git/common/common/lib/runtime/asm-5.0.2.jar:/Users/aarong/git/jsure/jsure-analysis/lib/runtime/renamedJavac.jar:/Users/aarong/git/common/common/lib/runtime/asm-tree-5.0.2.jar:/Users/aarong/git/common/common/lib/runtime/promises-5.6.0.jar:/Users/aarong/git/jsure/jsure-analysis/lib/runtime/log4j-xml-1.3alpha-8.jar:/Users/aarong/git/common/common/lib/runtime/derby-10.11.1.1.jar:/Users/aarong/git/jsure/jsure-common/bin:/Users/aarong/git/common/common/lib/runtime/ant-1.9.4.jar:/Users/aarong/git/common/common/lib/runtime/collections-generic-4.0.jar:/Users/aarong/git/jsure/jsure-analysis/lib/runtime/log4j-1.3alpha-8.jar:/Users/aarong/git/common/common/lib/runtime/asm-commons-5.0.2.jar:/Users/aarong/git/common/common/lib/runtime/commons-lang3-3.3.2.jar:/Users/aarong/git/common/common/lib/runtime/commons-io-2.4.jar
	com.surelogic.javac.jobs.RemoteJSureRun

First line in REMOTE vm = Java HotSpot(TM) 64-Bit Server VM warning: ignoring option MaxPermSize=512m; support was removed in 8.0
[GC (Allocation Failure)  512K->520K(327168K), 0.0012730 secs]
[GC (Allocation Failure)  1026K->595K(327168K), 0.0009340 secs]
[GC (Allocation Failure)  1107K->667K(327168K), 0.0007510 secs]
[GC (Allocation Failure)  1177K->803K(327680K), 0.0009330 secs]
[GC (Allocation Failure)  1827K->867K(327680K), 0.0008140 secs]
[GC (Allocation Failure)  1891K->1051K(329216K), 0.0100910 secs]
JVM started: 1.8.0_05
Log level: INFO
Created reader
Created monitor
Created log handler
Running RemoteJSureRun
[GC (Allocation Failure)  3099K->1235K(329216K), 0.0014150 secs]
[GC (Allocation Failure)  3283K->1403K(331264K), 0.0010750 secs]
[GC (Allocation Failure)  5499K->1651K(331264K), 0.0011720 secs]
[GC (Allocation Failure)  5747K->1891K(333824K), 0.0012610 secs]
runPath = /Users/aarong/Work/Eclipse-Workspaces/Eclipse-luna/Fluid Regression/.jsure-data/TestUtilityAssurance-2015.06.16-at-14.42.19.234
Creating run: TestUtilityAssurance-2015.06.16-at-14.42.19.234
projects = TestUtilityAssurance
Loading edu.cmu.cs.fluid.make.nonabductive.proposals = false
Loading edu.cmu.cs.fluid.load.all.classes = false
Loading edu.cmu.cs.fluid.timeoutFlag = true
Loading com.surelogic.jsure.active.com.surelogic.jsure.client.eclipse.BCA = false
Loading com.surelogic.jsure.active.com.surelogic.jsure.client.eclipse.ConstantExpr = false
Loading edu.cmu.cs.fluid.physMemoryInMB = 20480
Loading com.surelogic.jsure.active.com.surelogic.jsure.client.eclipse.EqualityAssurance = true
Loading edu.cmu.cs.fluid.xml.diff.directory = /Users/aarong/Work/Eclipse-Workspaces/Eclipse-luna/Fluid Regression/.jsure-data/promises-xml
Loading com.surelogic.jsure.active.com.surelogic.jsure.client.eclipse.UniquenessAssuranceUWM = false
Loading com.surelogic.jsure.active.com.surelogic.jsure.client.eclipse.IRConcurrencyDetector = false
Loading com.surelogic.jsure.active.com.surelogic.jsure.client.eclipse.Singleton = true
Loading com.surelogic.jsure.active.com.surelogic.jsure.client.eclipse.CALLS = false
Loading com.surelogic.jsure.active.com.surelogic.jsure.client.eclipse.BenchmarkingUniquenessSE = false
Loading com.surelogic.jsure.active.com.surelogic.jsure.client.eclipse.ThreadEffectAssurance2 = true
Loading com.surelogic.jsure.active.com.surelogic.jsure.client.eclipse.Binder = false
Loading com.surelogic.jsure.active.com.surelogic.jsure.cliend.eclipse.TypeBasedAlias = false
Loading com.surelogic.jsure.active.com.surelogic.jsure.client.eclipse.Nullable = false
Loading com.surelogic.jsure.active.com.surelogic.jsure.client.eclipse.TestIsFunctional = false
Loading com.surelogic.jsure.active.com.surelogic.jsure.client.eclipse.UniquenessAssuranceUWM_SE = false
Loading edu.cmu.cs.fluid.tool-memory-mb = 2048
Loading com.surelogic.jsure.active.com.surelogic.jsure.client.eclipse.DefinitelyAssigned = false
Loading com.surelogic.jsure.active.com.surelogic.jsure.client.eclipse.UniquenessAssuranceSE = true
Loading edu.cmu.cs.fluid.analysis.thread.count = 8
Loading edu.cmu.cs.fluid.timeoutSec = 11
Loading com.surelogic.jsure.active.com.surelogic.jsure.client.eclipse.NonNullRawTypes = false
Loading com.surelogic.jsure.active.com.surelogic.jsure.client.eclipse.LayersAssurance = true
Loading edu.cmu.cs.fluid.default.JRE = org.eclipse.jdt.launching.JRE_CONTAINER/org.eclipse.jdt.internal.debug.ui.launcher.StandardVMType/JavaSE-1.7
Loading edu.cmu.cs.fluid.timeoutWarningSec = 30
Loading edu.cmu.cs.fluid.modeling.problem.filters = 00000012com\.apple.*00000013com\.oracle.*00000010com\.sun.*00000014.*\.internal.*00000023.*BakedArrayList\.class00000007apple.*00000008oracle.*00000011quicktime.*00000005sun.*
Loading com.surelogic.jsure.active.com.surelogic.jsure.client.eclipse.Utility = true
Loading com.surelogic.jsure.active.com.surelogic.jsure.client.eclipse.BenchmarkingUniquenessNew_SE = false
Loading edu.cmu.cs.fluid.scan.may.use.compression = true
Loading com.surelogic.jsure.active.com.surelogic.jsure.client.eclipse.ParameterizedType = true
Loading com.surelogic.jsure.active.com.surelogic.jsure.client.eclipse.Final = false
Loading com.surelogic.jsure.active.com.surelogic.jsure.client.eclipse.LockAssurance3 = true
Loading com.surelogic.jsure.active.com.surelogic.jsure.client.eclipse.BenchmarkingUniquenessNew = false
Loading edu.cmu.cs.fluid.data.directory = /Users/aarong/Work/Eclipse-Workspaces/Eclipse-luna/Fluid Regression/.jsure-data
Loading com.surelogic.jsure.active.com.surelogic.jsure.client.eclipse.NullablePreprocessor = false
Loading com.surelogic.jsure.active.com.surelogic.jsure.client.eclipse.EffectAssurance2 = true
Loading com.surelogic.jsure.active.com.surelogic.jsure.client.eclipse.LV = false
Loading com.surelogic.jsure.active.com.surelogic.jsure.client.eclipse.StructureAssurance = true
Loading com.surelogic.jsure.active.com.surelogic.jsure.client.eclipse.Types = false
JSure data dir = /Users/aarong/Work/Eclipse-Workspaces/Eclipse-luna/Fluid Regression/.jsure-data
XML diff dir   = /Users/aarong/Work/Eclipse-Workspaces/Eclipse-luna/Fluid Regression/.jsure-data/promises-xml
Looking for JRE in org.eclipse.jdt.launching.JRE_CONTAINER/org.eclipse.jdt.internal.debug.ui.launcher.StandardVMType/JavaSE-1.7
default JRE = org.eclipse.jdt.launching.JRE_CONTAINER/org.eclipse.jdt.internal.debug.ui.launcher.StandardVMType/JavaSE-1.7
Initialized job
Created com.surelogic.analysis.threads.ThreadEffectsModule
Starting a new group for ThreadEffectsModule
Created com.surelogic.analysis.structure.StructureAnalysis
Created com.surelogic.analysis.annotationbounds.ParameterizedTypeAnalysis
Created com.surelogic.analysis.equality.EqualityAnalysis
[GC (Allocation Failure)  8547K->2344K(333824K), 0.0014650 secs]
Created com.surelogic.analysis.layers.LayersAnalysis
Created com.surelogic.analysis.utility.UtilityAnalysis
Starting a new group for UtilityAnalysis
Group: EXTERNALLY
	ThreadEffectsModule
	StructureAnalysis
	ParameterizedTypeAnalysis
	EqualityAnalysis
	LayersAnalysis
Created com.surelogic.analysis.singleton.SingletonAnalysis
Created com.surelogic.analysis.concurrency.driver.LockAnalysis
Created com.surelogic.analysis.effects.EffectsAnalysis
Created com.surelogic.analysis.uniqueness.classic.sideeffecting.UniquenessAnalysisModule
Starting a new group for UniquenessAnalysisModule
Group: com.surelogic.analysis.visitors.TopLevelAnalysisVisitor$1@69663380, EXTERNALLY
	UtilityAnalysis
	SingletonAnalysis
	LockAnalysis
	EffectsAnalysis
Group: com.surelogic.analysis.uniqueness.classic.sideeffecting.UniquenessAnalysisModule$1@5b37e0d2, class com.surelogic.analysis.bca.BindingContextAnalysis, INTERNALLY
	UniquenessAnalysisModule
##TASK, Scan, 257
Initializing ...
##SUBTASK, Initializing ...
monitor = com.surelogic.common.jobs.remote.AbstractRemoteSLJob$Monitor@4459eb14
singleThread = false
[GC (Allocation Failure)  9000K->2536K(337920K), 0.0016300 secs]
[GC (Allocation Failure)  13243K->6002K(337920K), 0.0027080 secs]
[GC (Allocation Failure)  16752K->16786K(345088K), 0.0063250 secs]
[GC (Allocation Failure)  33663K->33337K(345600K), 0.0104440 secs]
Done initializing org.eclipse.jdt.launching.JRE_CONTAINER/org.eclipse.jdt.internal.debug.ui.launcher.StandardVMType/JavaSE-1.7: 0
org.eclipse.jdt.launching.JRE_CONTAINER/org.eclipse.jdt.internal.debug.ui.launcher.StandardVMType/JavaSE-1.7: Done initializing with /jre1.7.0_55.jre/Contents/Home/lib/resources.jar
[GC (Allocation Failure)  50233K->44894K(355840K), 0.0081640 secs]
[GC (Allocation Failure)  71518K->49134K(356352K), 0.0048250 secs]
org.eclipse.jdt.launching.JRE_CONTAINER/org.eclipse.jdt.internal.debug.ui.launcher.StandardVMType/JavaSE-1.7: Done initializing with /jre1.7.0_55.jre/Contents/Home/lib/rt.jar
org.eclipse.jdt.launching.JRE_CONTAINER/org.eclipse.jdt.internal.debug.ui.launcher.StandardVMType/JavaSE-1.7: Done initializing with /jre1.7.0_55.jre/Contents/Home/lib/jsse.jar
org.eclipse.jdt.launching.JRE_CONTAINER/org.eclipse.jdt.internal.debug.ui.launcher.StandardVMType/JavaSE-1.7: Done initializing with /jre1.7.0_55.jre/Contents/Home/lib/jce.jar
org.eclipse.jdt.launching.JRE_CONTAINER/org.eclipse.jdt.internal.debug.ui.launcher.StandardVMType/JavaSE-1.7: Done initializing with /jre1.7.0_55.jre/Contents/Home/lib/charsets.jar
org.eclipse.jdt.launching.JRE_CONTAINER/org.eclipse.jdt.internal.debug.ui.launcher.StandardVMType/JavaSE-1.7: Done initializing with /jre1.7.0_55.jre/Contents/Home/lib/jfr.jar
org.eclipse.jdt.launching.JRE_CONTAINER/org.eclipse.jdt.internal.debug.ui.launcher.StandardVMType/JavaSE-1.7: Done initializing with /jre1.7.0_55.jre/Contents/Home/lib/ext/dnsns.jar
org.eclipse.jdt.launching.JRE_CONTAINER/org.eclipse.jdt.internal.debug.ui.launcher.StandardVMType/JavaSE-1.7: Done initializing with /jre1.7.0_55.jre/Contents/Home/lib/ext/localedata.jar
org.eclipse.jdt.launching.JRE_CONTAINER/org.eclipse.jdt.internal.debug.ui.launcher.StandardVMType/JavaSE-1.7: Done initializing with /jre1.7.0_55.jre/Contents/Home/lib/ext/sunec.jar
org.eclipse.jdt.launching.JRE_CONTAINER/org.eclipse.jdt.internal.debug.ui.launcher.StandardVMType/JavaSE-1.7: Done initializing with /jre1.7.0_55.jre/Contents/Home/lib/ext/sunjce_provider.jar
org.eclipse.jdt.launching.JRE_CONTAINER/org.eclipse.jdt.internal.debug.ui.launcher.StandardVMType/JavaSE-1.7: Done initializing with /jre1.7.0_55.jre/Contents/Home/lib/ext/sunpkcs11.jar
org.eclipse.jdt.launching.JRE_CONTAINER/org.eclipse.jdt.internal.debug.ui.launcher.StandardVMType/JavaSE-1.7: Done initializing with /jre1.7.0_55.jre/Contents/Home/lib/ext/zipfs.jar
org.eclipse.jdt.launching.JRE_CONTAINER/org.eclipse.jdt.internal.debug.ui.launcher.StandardVMType/JavaSE-1.7: Done initializing with /System/Library/Java/Extensions/MRJToolkit.jar
Done initializing TestUtilityAssurance: 19
Trying to find /Users/aarong/Work/Eclipse-Workspaces/Eclipse-luna/Fluid Regression/.jsure-data/TestUtilityAssurance-2015.06.16-at-14.42.19.234/source/TestUtilityAssurance.bin.zip
TestUtilityAssurance: TestUtilityAssurance -> org.eclipse.jdt.launching.JRE_CONTAINER/org.eclipse.jdt.internal.debug.ui.launcher.StandardVMType/JavaSE-1.7
Done initializing org.eclipse.jdt.launching.JRE_CONTAINER/org.eclipse.jdt.internal.debug.ui.launcher.StandardVMType/JavaSE-1.7: 0
TestUtilityAssurance: Done initializing with /jre1.7.0_55.jre/Contents/Home/lib/resources.jar
TestUtilityAssurance: Done initializing with /jre1.7.0_55.jre/Contents/Home/lib/rt.jar
TestUtilityAssurance: Done initializing with /jre1.7.0_55.jre/Contents/Home/lib/jsse.jar
TestUtilityAssurance: Done initializing with /jre1.7.0_55.jre/Contents/Home/lib/jce.jar
TestUtilityAssurance: Done initializing with /jre1.7.0_55.jre/Contents/Home/lib/charsets.jar
TestUtilityAssurance: Done initializing with /jre1.7.0_55.jre/Contents/Home/lib/jfr.jar
TestUtilityAssurance: Done initializing with /jre1.7.0_55.jre/Contents/Home/lib/ext/dnsns.jar
TestUtilityAssurance: Done initializing with /jre1.7.0_55.jre/Contents/Home/lib/ext/localedata.jar
TestUtilityAssurance: Done initializing with /jre1.7.0_55.jre/Contents/Home/lib/ext/sunec.jar
TestUtilityAssurance: Done initializing with /jre1.7.0_55.jre/Contents/Home/lib/ext/sunjce_provider.jar
TestUtilityAssurance: Done initializing with /jre1.7.0_55.jre/Contents/Home/lib/ext/sunpkcs11.jar
TestUtilityAssurance: Done initializing with /jre1.7.0_55.jre/Contents/Home/lib/ext/zipfs.jar
TestUtilityAssurance: Done initializing with /System/Library/Java/Extensions/MRJToolkit.jar
[GC (Allocation Failure)  75758K->55342K(366592K), 0.0082930 secs]
TestUtilityAssurance: Done initializing with /Users/aarong/git/regression/regression/TestUtilityAssurance/promises-4.0.0.jar
##SUBTASK_DONE
##WORK, 1
Assuming that the projects are run in dependency order
Parsing ...
##SUBTASK, Parsing ...
Done adapting 0 files for org.eclipse.jdt.launching.JRE_CONTAINER/org.eclipse.jdt.internal.debug.ui.launcher.StandardVMType/JavaSE-1.7
##SUBTASK_DONE
##WORK, 1
Parsing ...
##SUBTASK, Parsing ...
JCP: warning: [options] bootstrap class path not set in conjunction with -source 1.7
##WORK, 1
##WORK, 1
##WORK, 1
##WORK, 1
##WORK, 1
##WORK, 1
##WORK, 1
##WORK, 1
##WORK, 1
##WORK, 1
##WORK, 1
##WORK, 1
##WORK, 1
##WORK, 1
##WORK, 1
##WORK, 1
##WORK, 1
##WORK, 1
##WORK, 1
Adapting 19 CUTs
Done adapting 19 files for TestUtilityAssurance
##SUBTASK_DONE
##WORK, 1
Handling references for org.eclipse.jdt.launching.JRE_CONTAINER/org.eclipse.jdt.internal.debug.ui.launcher.StandardVMType/JavaSE-1.7
##SUBTASK, Handling references for org.eclipse.jdt.launching.JRE_CONTAINER/org.eclipse.jdt.internal.debug.ui.launcher.StandardVMType/JavaSE-1.7
Handling 19 dangling refs for org.eclipse.jdt.launching.JRE_CONTAINER/org.eclipse.jdt.internal.debug.ui.launcher.StandardVMType/JavaSE-1.7
Setting project for Object from org.eclipse.jdt.launching.JRE_CONTAINER/org.eclipse.jdt.internal.debug.ui.launcher.StandardVMType/JavaSE-1.7
[GC (Allocation Failure)  90158K->62118K(369152K), 0.0126050 secs]
Handling 36 dangling refs for org.eclipse.jdt.launching.JRE_CONTAINER/org.eclipse.jdt.internal.debug.ui.launcher.StandardVMType/JavaSE-1.7
Handling 54 dangling refs for org.eclipse.jdt.launching.JRE_CONTAINER/org.eclipse.jdt.internal.debug.ui.launcher.StandardVMType/JavaSE-1.7
Handling 58 dangling refs for org.eclipse.jdt.launching.JRE_CONTAINER/org.eclipse.jdt.internal.debug.ui.launcher.StandardVMType/JavaSE-1.7
Handling 34 dangling refs for org.eclipse.jdt.launching.JRE_CONTAINER/org.eclipse.jdt.internal.debug.ui.launcher.StandardVMType/JavaSE-1.7
Handling 18 dangling refs for org.eclipse.jdt.launching.JRE_CONTAINER/org.eclipse.jdt.internal.debug.ui.launcher.StandardVMType/JavaSE-1.7
Handling 9 dangling refs for org.eclipse.jdt.launching.JRE_CONTAINER/org.eclipse.jdt.internal.debug.ui.launcher.StandardVMType/JavaSE-1.7
Handling 12 dangling refs for org.eclipse.jdt.launching.JRE_CONTAINER/org.eclipse.jdt.internal.debug.ui.launcher.StandardVMType/JavaSE-1.7
Handling 15 dangling refs for org.eclipse.jdt.launching.JRE_CONTAINER/org.eclipse.jdt.internal.debug.ui.launcher.StandardVMType/JavaSE-1.7
Handling 4 dangling refs for org.eclipse.jdt.launching.JRE_CONTAINER/org.eclipse.jdt.internal.debug.ui.launcher.StandardVMType/JavaSE-1.7
Handling 2 dangling refs for org.eclipse.jdt.launching.JRE_CONTAINER/org.eclipse.jdt.internal.debug.ui.launcher.StandardVMType/JavaSE-1.7
##SUBTASK_DONE
##WORK, 1
Handling references for TestUtilityAssurance
##SUBTASK, Handling references for TestUtilityAssurance
Handling 23 dangling refs for TestUtilityAssurance
Handling 3 dangling refs for TestUtilityAssurance
##SUBTASK_DONE
##WORK, 1
Updated 264 files in org.eclipse.jdt.launching.JRE_CONTAINER/org.eclipse.jdt.internal.debug.ui.launcher.StandardVMType/JavaSE-1.7
Updated 45 files in TestUtilityAssurance
Parsing ASTs  = 465 ms
Handling refs = 455 ms
[2015-06-16 14:42:21    INFO] partial bindings = 0 (in method edu.cmu.cs.fluid.java.bind.AbstractJavaBinder.printStats(-) thread "main")
[2015-06-16 14:42:21    INFO] full bindings = 0 (in method edu.cmu.cs.fluid.java.bind.AbstractJavaBinder.printStats(-) thread "main")
Canonicalizing ASTs
##SUBTASK, Canonicalizing ASTs
##WORK, 1
##WORK, 1
##WORK, 1
##WORK, 1
##WORK, 1
##WORK, 1
##WORK, 1
##WORK, 1
##WORK, 1
##WORK, 1
##WORK, 1
##WORK, 1
##WORK, 1
##WORK, 1
##WORK, 1
##WORK, 1
##WORK, 1
##WORK, 1
##WORK, 1
[2015-06-16 14:42:21    INFO] partial bindings = 159 (in method edu.cmu.cs.fluid.java.bind.AbstractJavaBinder.printStats(-) thread "main")
[2015-06-16 14:42:21    INFO] full bindings = 129 (in method edu.cmu.cs.fluid.java.bind.AbstractJavaBinder.printStats(-) thread "main")
Canonicalizing TestUtilityAssurance/src/constructors/ThrowsError.java
##WORK, 1
Canonicalizing TestUtilityAssurance/src/test/J.java
##WORK, 1
Canonicalizing TestUtilityAssurance/src/constructors/PublicConstructor.java
##WORK, 1
Canonicalizing TestUtilityAssurance/src/test/TestStatic.java
##WORK, 1
Canonicalizing TestUtilityAssurance/src/calls/T.java
##WORK, 1
Canonicalizing TestUtilityAssurance/src/test/NotFromObject.java
##WORK, 1
Canonicalizing TestUtilityAssurance/src/test/I.java
##WORK, 1
Canonicalizing TestUtilityAssurance/src/constructors/TooManyConstructors.java
##WORK, 1
Canonicalizing TestUtilityAssurance/src/test/Public.java
##WORK, 1
Canonicalizing TestUtilityAssurance/src/constructors/NoConstructor.java
##WORK, 1
Canonicalizing TestUtilityAssurance/src/test/Other.java
##WORK, 1
Canonicalizing TestUtilityAssurance/src/test/Implements2.java
##WORK, 1
Canonicalizing TestUtilityAssurance/src/test/Implements1.java
##WORK, 1
Canonicalizing TestUtilityAssurance/src/test/NotPublic.java
##WORK, 1
Canonicalizing TestUtilityAssurance/src/constructors/PrivateConstructor.java
##WORK, 1
Canonicalizing TestUtilityAssurance/src/test/NotFinal.java
##WORK, 1
Canonicalizing TestUtilityAssurance/src/constructors/BusyConstructor.java
##WORK, 1
Canonicalizing TestUtilityAssurance/src/constructors/ConstructorHasArgs.java
##WORK, 1
Canonicalizing TestUtilityAssurance/src/constructors/ThrowsWrong.java
##WORK, 1
Binding = 67 ms
##SUBTASK_DONE
##WORK, 1
Handling references for TestUtilityAssurance
##SUBTASK, Handling references for TestUtilityAssurance
Handling 19 dangling refs for TestUtilityAssurance
##SUBTASK_DONE
##WORK, 1
Handling references for org.eclipse.jdt.launching.JRE_CONTAINER/org.eclipse.jdt.internal.debug.ui.launcher.StandardVMType/JavaSE-1.7
##SUBTASK, Handling references for org.eclipse.jdt.launching.JRE_CONTAINER/org.eclipse.jdt.internal.debug.ui.launcher.StandardVMType/JavaSE-1.7
Handling 19 dangling refs for org.eclipse.jdt.launching.JRE_CONTAINER/org.eclipse.jdt.internal.debug.ui.launcher.StandardVMType/JavaSE-1.7
##SUBTASK_DONE
##WORK, 1
Updated 264 files in org.eclipse.jdt.launching.JRE_CONTAINER/org.eclipse.jdt.internal.debug.ui.launcher.StandardVMType/JavaSE-1.7
Updated 45 files in TestUtilityAssurance
[GC (System.gc())  95873K->65191K(383488K), 0.0102380 secs]
[Full GC (System.gc())  65191K->54121K(383488K), 0.0981190 secs]
Creating drops
##SUBTASK, Creating drops
Created source drop for file:/Users/aarong/git/regression/regression/TestUtilityAssurance/src/test/Public.java
Created binary drop for java.security.AccessControlContext
Created binary drop for java.util.SortedMap
Created binary drop for java.io.FilterInputStream
Created binary drop for java.util.Date
Created binary drop for java.nio.file.attribute.FileAttributeView
Created binary drop for java.lang.reflect.AccessibleObject
Created binary drop for java.lang.annotation.Retention
Created binary drop for sun.reflect.ConstantPool
Created binary drop for java.nio.file.attribute.GroupPrincipal
Created binary drop for java.net.URLStreamHandler
Created binary drop for sun.reflect.MethodAccessor
Created binary drop for java.util.Locale
Created binary drop for java.lang.AssertionError
Created binary drop for java.net.MalformedURLException
Created binary drop for java.io.UnsupportedEncodingException
Created source drop for file:/Users/aarong/git/regression/regression/TestUtilityAssurance/src/test/NotPublic.java
Created binary drop for java.net.SocketException
Created binary drop for java.util.Enumeration
Created binary drop for java.util.zip.ZipFile
Created binary drop for sun.misc.URLClassPath
Created binary drop for java.lang.Iterable
Created binary drop for java.lang.InterruptedException
Created binary drop for java.lang.reflect.Member
Created binary drop for java.lang.Thread
Created source drop for file:/Users/aarong/git/regression/regression/TestUtilityAssurance/src/constructors/ThrowsError.java
Created binary drop for java.nio.DoubleBuffer
Created binary drop for java.nio.file.attribute.AttributeView
Created binary drop for java.nio.channels.ClosedChannelException
Created binary drop for java.util.Comparator
Created binary drop for java.lang.Comparable
Created binary drop for java.nio.charset.CodingErrorAction
Created binary drop for java.lang.reflect.Constructor
Created binary drop for java.util.AbstractMap
Created binary drop for java.util.Deque
Created binary drop for java.lang.Object
Created source drop for file:/Users/aarong/git/regression/regression/TestUtilityAssurance/src/test/Implements1.java
Created binary drop for java.nio.channels.AsynchronousCloseException
Created binary drop for java.lang.SecurityException
Created binary drop for java.util.Map
Created binary drop for java.util.zip.ZipConstants
Created binary drop for java.lang.ReflectiveOperationException
Created binary drop for java.nio.file.CopyOption
Created binary drop for java.security.PublicKey
Created binary drop for java.lang.Number
Created binary drop for java.io.DataOutput
Created binary drop for java.util.Collection
Created binary drop for java.security.ProtectionDomain
Created binary drop for java.lang.StringBuffer
Created binary drop for java.util.Queue
Created binary drop for java.lang.Readable
Created binary drop for java.lang.Appendable
Created binary drop for java.util.Vector
Created binary drop for java.util.zip.ZipEntry
Created binary drop for java.util.Set
Created binary drop for sun.util.locale.LocaleObjectCache
Created binary drop for java.nio.file.LinkOption
Created binary drop for java.lang.reflect.TypeVariable
Created binary drop for java.nio.channels.FileChannel
Created binary drop for java.util.Stack
Created binary drop for java.io.FilterOutputStream
Created binary drop for java.io.SyncFailedException
Created binary drop for java.util.concurrent.Future
Created binary drop for sun.reflect.annotation.AnnotationType
Created binary drop for java.util.spi.LocaleNameProvider
Created binary drop for sun.reflect.FieldAccessor
Created binary drop for java.nio.charset.CoderResult
Created binary drop for java.util.zip.DataFormatException
Created binary drop for java.io.Writer
Created binary drop for java.security.cert.CertificateException
Created binary drop for java.lang.NumberFormatException
Created binary drop for java.lang.Enum
Created binary drop for java.lang.Class
Created binary drop for java.security.DomainCombiner
Created binary drop for java.lang.Throwable
Created binary drop for sun.misc.JarIndex
Created binary drop for java.lang.IllegalAccessException
Created binary drop for java.security.cert.CertificateEncodingException
Created binary drop for java.io.Flushable
Created binary drop for java.security.PermissionCollection
Created binary drop for java.lang.ClassValue
Created binary drop for java.security.CodeSource
Created source drop for file:/Users/aarong/git/regression/regression/TestUtilityAssurance/src/constructors/NoConstructor.java
Created binary drop for java.util.WeakHashMap
Created binary drop for java.nio.channels.WritableByteChannel
Created binary drop for java.nio.Buffer
Created binary drop for java.nio.ByteBuffer
Created binary drop for java.io.FileDescriptor
Created binary drop for java.nio.FloatBuffer
Created binary drop for java.lang.Error
Created binary drop for java.security.SignatureException
Created binary drop for java.net.InetAddressImpl
Created binary drop for java.lang.StringBuilder
Created binary drop for java.nio.channels.AsynchronousFileChannel
Created binary drop for java.lang.Integer
Created binary drop for java.nio.channels.FileLock
Created binary drop for sun.util.LocaleServiceProviderPool
Created binary drop for java.io.IOException
Created binary drop for java.util.AbstractCollection
Created binary drop for com.surelogic.Utility
Created binary drop for java.lang.reflect.Field
Created binary drop for java.security.Permission
Created binary drop for java.lang.ref.Reference
Created binary drop for java.nio.MappedByteBuffer
Created binary drop for java.util.AbstractSequentialList
Created binary drop for java.nio.file.attribute.FileStoreAttributeView
Created source drop for file:/Users/aarong/git/regression/regression/TestUtilityAssurance/src/constructors/BusyConstructor.java
Created binary drop for java.lang.String
Created binary drop for java.security.PrivilegedAction
Created binary drop for java.net.SocketAddress
Created binary drop for java.util.concurrent.locks.Condition
Created binary drop for java.io.PrintWriter
Created binary drop for java.security.Guard
Created binary drop for java.util.zip.ZipException
Created binary drop for java.lang.AbstractStringBuilder
Created binary drop for sun.nio.ch.Interruptible
Created binary drop for java.nio.channels.AsynchronousChannel
Created binary drop for java.nio.file.DirectoryStream
Created binary drop for java.lang.reflect.AnnotatedElement
Created binary drop for java.lang.ref.ReferenceQueue
Created binary drop for java.util.AbstractSet
Created binary drop for java.nio.file.FileStore
Created binary drop for java.nio.channels.spi.AbstractInterruptibleChannel
Created binary drop for java.nio.channels.ScatteringByteChannel
Created source drop for file:/Users/aarong/git/regression/regression/TestUtilityAssurance/src/test/NotFromObject.java
Created binary drop for java.security.AccessControlException
Created binary drop for java.nio.file.attribute.UserPrincipalLookupService
Created binary drop for sun.reflect.ReflectionFactory
Created binary drop for java.lang.reflect.Method
Created binary drop for java.nio.file.OpenOption
Created binary drop for java.nio.file.PathMatcher
Created binary drop for java.security.GeneralSecurityException
Created binary drop for java.lang.StackTraceElement
Created binary drop for java.util.concurrent.Callable
Created binary drop for sun.util.locale.Extension
Created binary drop for java.util.AbstractList
Created binary drop for java.net.URI
Created binary drop for java.lang.ClassLoader
Created binary drop for java.io.FilenameFilter
Created binary drop for java.io.Serializable
Created binary drop for java.nio.channels.ReadableByteChannel
Created binary drop for java.nio.channels.CompletionHandler
Created binary drop for sun.reflect.LangReflectAccess
Created source drop for file:/Users/aarong/git/regression/regression/TestUtilityAssurance/src/test/Other.java
Created binary drop for java.util.zip.Inflater
Created binary drop for java.lang.IllegalArgumentException
Created binary drop for java.lang.CharSequence
Created binary drop for java.lang.annotation.Annotation
Created binary drop for java.lang.SuppressWarnings
Created binary drop for java.security.cert.CertPath
Created binary drop for java.lang.reflect.Type
Created binary drop for java.security.Key
Created binary drop for java.security.NoSuchProviderException
Created binary drop for java.nio.CharBuffer
Created binary drop for java.util.List
Created binary drop for java.lang.CloneNotSupportedException
Created source drop for file:/Users/aarong/git/regression/regression/TestUtilityAssurance/src/test/I.java
Created binary drop for java.lang.NoSuchFieldException
Created binary drop for java.lang.ref.SoftReference
Created binary drop for java.util.zip.InflaterInputStream
Created binary drop for java.lang.Byte
Created binary drop for java.nio.file.WatchService
Created binary drop for java.util.HashMap
Created binary drop for java.io.Closeable
Created source drop for file:/Users/aarong/git/regression/regression/TestUtilityAssurance/src/test/Implements2.java
Created binary drop for sun.reflect.CallerSensitive
Created binary drop for java.lang.ThreadLocal
Created binary drop for java.util.Hashtable
Created binary drop for java.lang.RuntimeException
Created binary drop for java.net.ContentHandlerFactory
Created binary drop for sun.reflect.ConstructorAccessor
Created binary drop for java.util.concurrent.ConcurrentMap
Created binary drop for java.net.URISyntaxException
Created binary drop for java.nio.file.attribute.BasicFileAttributes
Created binary drop for java.util.jar.JarEntry
Created binary drop for sun.util.locale.LocaleExtensions
Created binary drop for java.io.FileNotFoundException
Created source drop for file:/Users/aarong/git/regression/regression/TestUtilityAssurance/src/constructors/TooManyConstructors.java
Created binary drop for java.security.Timestamp
Created binary drop for java.nio.file.attribute.UserPrincipal
Created binary drop for java.util.concurrent.locks.ReadWriteLock
Created binary drop for java.util.concurrent.ExecutorService
Created binary drop for java.lang.Cloneable
Created binary drop for java.util.jar.JarFile
Created binary drop for java.net.ContentHandler
Created binary drop for java.util.ResourceBundle
Created binary drop for sun.util.resources.OpenListResourceBundle
Created binary drop for java.nio.channels.ByteChannel
Created binary drop for sun.util.locale.InternalLocaleBuilder
Created binary drop for java.util.jar.Attributes
Created binary drop for java.nio.charset.Charset
Created binary drop for java.nio.channels.Channel
Created binary drop for java.io.ObjectStreamException
Created binary drop for java.lang.InstantiationException
Created binary drop for java.lang.annotation.RetentionPolicy
Created binary drop for java.net.URLConnection
Created binary drop for java.nio.file.FileSystem
Created binary drop for java.util.ListIterator
Created binary drop for java.util.spi.LocaleServiceProvider
Created binary drop for java.util.RandomAccess
Created binary drop for java.security.CodeSigner
Created binary drop for java.util.jar.Manifest
Created binary drop for java.security.KeyException
Created binary drop for java.security.InvalidKeyException
Created binary drop for java.lang.ThreadGroup
Created binary drop for java.security.cert.Certificate
Created binary drop for java.lang.annotation.ElementType
Created source drop for file:/Users/aarong/git/regression/regression/TestUtilityAssurance/src/test/J.java
Created binary drop for java.nio.file.Path
Created binary drop for java.lang.Runnable
Created binary drop for java.lang.Short
Created binary drop for java.io.PrintStream
Created binary drop for java.nio.channels.GatheringByteChannel
Created binary drop for java.io.DataOutputStream
Created binary drop for java.lang.Deprecated
Created binary drop for java.nio.file.attribute.FileAttribute
Created binary drop for java.lang.Long
Created binary drop for java.util.LinkedList
Created binary drop for java.lang.reflect.InvocationTargetException
Created binary drop for java.nio.ByteOrder
Created binary drop for java.util.ArrayList
Created binary drop for java.math.BigInteger
Created binary drop for java.util.MissingResourceException
Created binary drop for java.nio.ShortBuffer
Created binary drop for java.util.Iterator
Created binary drop for java.lang.annotation.Documented
Created binary drop for java.nio.file.AccessMode
Created binary drop for java.net.NetworkInterface
Created binary drop for sun.util.locale.BaseLocale
Created binary drop for java.net.UnknownServiceException
Created binary drop for java.lang.Boolean
Created binary drop for java.util.concurrent.TimeUnit
Created binary drop for java.lang.AutoCloseable
Created binary drop for java.security.Principal
Created binary drop for sun.security.util.Debug
Created binary drop for java.util.Random
Created binary drop for java.lang.Float
Created binary drop for java.nio.charset.CharsetDecoder
Created binary drop for java.net.InetAddress
Created binary drop for java.nio.file.WatchKey
Created binary drop for java.nio.file.WatchEvent
Created source drop for file:/Users/aarong/git/regression/regression/TestUtilityAssurance/src/test/TestStatic.java
Created binary drop for java.lang.ref.WeakReference
Created binary drop for java.lang.Exception
Created binary drop for java.net.InterfaceAddress
Created binary drop for sun.util.locale.LanguageTag
Created binary drop for java.lang.Character
Created binary drop for java.lang.Void
Created binary drop for java.io.InputStream
Created binary drop for java.nio.file.attribute.FileTime
Created binary drop for java.net.FileNameMap
Created binary drop for java.lang.annotation.Target
Created binary drop for java.io.FileFilter
Created binary drop for java.nio.charset.CharsetEncoder
Created binary drop for java.net.URL
Created source drop for file:/Users/aarong/git/regression/regression/TestUtilityAssurance/src/constructors/ConstructorHasArgs.java
Created binary drop for java.nio.charset.CharacterCodingException
Created binary drop for java.io.File
Created binary drop for java.nio.file.Watchable
Created binary drop for java.nio.LongBuffer
Created binary drop for java.lang.Double
Created binary drop for sun.util.locale.LocaleSyntaxException
Created binary drop for java.nio.IntBuffer
Created binary drop for java.net.Proxy
Created source drop for file:/Users/aarong/git/regression/regression/TestUtilityAssurance/src/calls/T.java
Created binary drop for java.net.UnknownHostException
Created binary drop for java.nio.file.spi.FileSystemProvider
Created binary drop for java.util.concurrent.locks.Lock
Created binary drop for java.io.OutputStream
Created source drop for file:/Users/aarong/git/regression/regression/TestUtilityAssurance/src/constructors/PrivateConstructor.java
Created binary drop for java.util.Dictionary
Created binary drop for java.util.concurrent.Executor
Created source drop for file:/Users/aarong/git/regression/regression/TestUtilityAssurance/src/constructors/ThrowsWrong.java
Created binary drop for java.lang.reflect.GenericDeclaration
Created binary drop for java.nio.channels.InterruptibleChannel
Created binary drop for java.net.URLStreamHandlerFactory
Created binary drop for sun.util.locale.ParseStatus
Created binary drop for sun.misc.Resource
Created binary drop for java.nio.channels.SeekableByteChannel
Created binary drop for java.security.NoSuchAlgorithmException
Created source drop for file:/Users/aarong/git/regression/regression/TestUtilityAssurance/src/constructors/PublicConstructor.java
Created binary drop for java.lang.Package
Created binary drop for sun.misc.MetaIndex
Created source drop for file:/Users/aarong/git/regression/regression/TestUtilityAssurance/src/test/NotFinal.java
##SUBTASK_DONE
##WORK, 1
Parsing promises
##SUBTASK, Parsing promises
Added 3 promises for java.lang.[] in org.eclipse.jdt.launching.JRE_CONTAINER/org.eclipse.jdt.internal.debug.ui.launcher.StandardVMType/JavaSE-1.7: com.surelogic.tree.SyntaxTreeNode@799f7e29
Added 3 promises for java.lang.[] in TestUtilityAssurance: com.surelogic.tree.SyntaxTreeNode@7b02e036
Added 1 promises for test.NotFromObject in TestUtilityAssurance: com.surelogic.tree.SyntaxTreeNode@5e61b080
Added 1 promises for test.Public in TestUtilityAssurance: com.surelogic.tree.SyntaxTreeNode@35da6f42
Added 1 promises for test.NotPublic in TestUtilityAssurance: com.surelogic.tree.SyntaxTreeNode@559f001c
Added 3 promises for java.util.Date in org.eclipse.jdt.launching.JRE_CONTAINER/org.eclipse.jdt.internal.debug.ui.launcher.StandardVMType/JavaSE-1.7: com.surelogic.tree.SyntaxTreeNode@5ca98db1
Added 3 promises for java.util.Locale in org.eclipse.jdt.launching.JRE_CONTAINER/org.eclipse.jdt.internal.debug.ui.launcher.StandardVMType/JavaSE-1.7: com.surelogic.tree.SyntaxTreeNode@2caef9ed
Added 3 promises for java.lang.Iterable in org.eclipse.jdt.launching.JRE_CONTAINER/org.eclipse.jdt.internal.debug.ui.launcher.StandardVMType/JavaSE-1.7: com.surelogic.tree.SyntaxTreeNode@33c5d4d2
Added 6 promises for java.lang.InterruptedException in org.eclipse.jdt.launching.JRE_CONTAINER/org.eclipse.jdt.internal.debug.ui.launcher.StandardVMType/JavaSE-1.7: com.surelogic.tree.SyntaxTreeNode@132477ea
Added 31 promises for java.util.SortedMap in org.eclipse.jdt.launching.JRE_CONTAINER/org.eclipse.jdt.internal.debug.ui.launcher.StandardVMType/JavaSE-1.7: com.surelogic.tree.SyntaxTreeNode@46f465e5
Added 24 promises for java.lang.AssertionError in org.eclipse.jdt.launching.JRE_CONTAINER/org.eclipse.jdt.internal.debug.ui.launcher.StandardVMType/JavaSE-1.7: com.surelogic.tree.SyntaxTreeNode@75d8e5d9
Added 1 promises for constructors.ThrowsError in TestUtilityAssurance: com.surelogic.tree.SyntaxTreeNode@2626e828
Added 6 promises for java.lang.NoSuchFieldException in org.eclipse.jdt.launching.JRE_CONTAINER/org.eclipse.jdt.internal.debug.ui.launcher.StandardVMType/JavaSE-1.7: com.surelogic.tree.SyntaxTreeNode@193cd066
Added 1 promises for test.Implements1 in TestUtilityAssurance: com.surelogic.tree.SyntaxTreeNode@56aae83c
Added 4 promises for java.util.Enumeration in org.eclipse.jdt.launching.JRE_CONTAINER/org.eclipse.jdt.internal.debug.ui.launcher.StandardVMType/JavaSE-1.7: com.surelogic.tree.SyntaxTreeNode@6a34be9d
Added 87 promises for java.util.Deque in org.eclipse.jdt.launching.JRE_CONTAINER/org.eclipse.jdt.internal.debug.ui.launcher.StandardVMType/JavaSE-1.7: com.surelogic.tree.SyntaxTreeNode@73bac132
Added 12 promises for java.lang.reflect.InvocationTargetException in org.eclipse.jdt.launching.JRE_CONTAINER/org.eclipse.jdt.internal.debug.ui.launcher.StandardVMType/JavaSE-1.7: com.surelogic.tree.SyntaxTreeNode@74ebeb40
Added 6 promises for java.io.Writer in org.eclipse.jdt.launching.JRE_CONTAINER/org.eclipse.jdt.internal.debug.ui.launcher.StandardVMType/JavaSE-1.7: com.surelogic.tree.SyntaxTreeNode@55af8177
Added 59 promises for java.lang.Byte in org.eclipse.jdt.launching.JRE_CONTAINER/org.eclipse.jdt.internal.debug.ui.launcher.StandardVMType/JavaSE-1.7: com.surelogic.tree.SyntaxTreeNode@13db7123
Added 1 promises for constructors.TooManyConstructors in TestUtilityAssurance: com.surelogic.tree.SyntaxTreeNode@4f40a7d1
Added 6 promises for java.lang.NumberFormatException in org.eclipse.jdt.launching.JRE_CONTAINER/org.eclipse.jdt.internal.debug.ui.launcher.StandardVMType/JavaSE-1.7: com.surelogic.tree.SyntaxTreeNode@44b5f433
Added 47 promises for java.lang.Throwable in org.eclipse.jdt.launching.JRE_CONTAINER/org.eclipse.jdt.internal.debug.ui.launcher.StandardVMType/JavaSE-1.7: com.surelogic.tree.SyntaxTreeNode@31483691
Added 7 promises for java.util.concurrent.locks.ReadWriteLock in org.eclipse.jdt.launching.JRE_CONTAINER/org.eclipse.jdt.internal.debug.ui.launcher.StandardVMType/JavaSE-1.7: com.surelogic.tree.SyntaxTreeNode@7db0e3b5
Added 37 promises for java.lang.Boolean in org.eclipse.jdt.launching.JRE_CONTAINER/org.eclipse.jdt.internal.debug.ui.launcher.StandardVMType/JavaSE-1.7: com.surelogic.tree.SyntaxTreeNode@5dbe6196
Added 18 promises for java.util.Queue in org.eclipse.jdt.launching.JRE_CONTAINER/org.eclipse.jdt.internal.debug.ui.launcher.StandardVMType/JavaSE-1.7: com.surelogic.tree.SyntaxTreeNode@21e6213b
Added 170 promises for java.util.Vector in org.eclipse.jdt.launching.JRE_CONTAINER/org.eclipse.jdt.internal.debug.ui.launcher.StandardVMType/JavaSE-1.7: com.surelogic.tree.SyntaxTreeNode@3b5efbf5
Added 6 promises for java.lang.Appendable in org.eclipse.jdt.launching.JRE_CONTAINER/org.eclipse.jdt.internal.debug.ui.launcher.StandardVMType/JavaSE-1.7: com.surelogic.tree.SyntaxTreeNode@792a52cc
Added 21 promises for java.util.Stack in org.eclipse.jdt.launching.JRE_CONTAINER/org.eclipse.jdt.internal.debug.ui.launcher.StandardVMType/JavaSE-1.7: com.surelogic.tree.SyntaxTreeNode@28b56dfe
Added 3 promises for java.util.zip.ZipEntry in org.eclipse.jdt.launching.JRE_CONTAINER/org.eclipse.jdt.internal.debug.ui.launcher.StandardVMType/JavaSE-1.7: com.surelogic.tree.SyntaxTreeNode@2a6c4b9f
Added 3 promises for java.util.jar.Manifest in org.eclipse.jdt.launching.JRE_CONTAINER/org.eclipse.jdt.internal.debug.ui.launcher.StandardVMType/JavaSE-1.7: com.surelogic.tree.SyntaxTreeNode@5b2b5cee
Added 96 promises for java.lang.Integer in org.eclipse.jdt.launching.JRE_CONTAINER/org.eclipse.jdt.internal.debug.ui.launcher.StandardVMType/JavaSE-1.7: com.surelogic.tree.SyntaxTreeNode@271fcfb2
Added 56 promises for java.util.WeakHashMap in org.eclipse.jdt.launching.JRE_CONTAINER/org.eclipse.jdt.internal.debug.ui.launcher.StandardVMType/JavaSE-1.7: com.surelogic.tree.SyntaxTreeNode@271e37c9
Added 16 promises for java.util.AbstractSet in org.eclipse.jdt.launching.JRE_CONTAINER/org.eclipse.jdt.internal.debug.ui.launcher.StandardVMType/JavaSE-1.7: com.surelogic.tree.SyntaxTreeNode@a4550be
Added 54 promises for java.util.Set in org.eclipse.jdt.launching.JRE_CONTAINER/org.eclipse.jdt.internal.debug.ui.launcher.StandardVMType/JavaSE-1.7: com.surelogic.tree.SyntaxTreeNode@5f415916
Added 1 promises for constructors.PublicConstructor in TestUtilityAssurance: com.surelogic.tree.SyntaxTreeNode@e2fa8fc
Added 12 promises for java.lang.Class in org.eclipse.jdt.launching.JRE_CONTAINER/org.eclipse.jdt.internal.debug.ui.launcher.StandardVMType/JavaSE-1.7: com.surelogic.tree.SyntaxTreeNode@72467b41
Added 83 promises for java.util.Hashtable in org.eclipse.jdt.launching.JRE_CONTAINER/org.eclipse.jdt.internal.debug.ui.launcher.StandardVMType/JavaSE-1.7: com.surelogic.tree.SyntaxTreeNode@7690b343
Added 1 promises for test.TestStatic in TestUtilityAssurance: com.surelogic.tree.SyntaxTreeNode@5c13878b
Added 12 promises for java.lang.CharSequence in org.eclipse.jdt.launching.JRE_CONTAINER/org.eclipse.jdt.internal.debug.ui.launcher.StandardVMType/JavaSE-1.7: com.surelogic.tree.SyntaxTreeNode@4b127f31
Added 6 promises for java.lang.IllegalAccessException in org.eclipse.jdt.launching.JRE_CONTAINER/org.eclipse.jdt.internal.debug.ui.launcher.StandardVMType/JavaSE-1.7: com.surelogic.tree.SyntaxTreeNode@7698ffaf
Added 12 promises for java.lang.Exception in org.eclipse.jdt.launching.JRE_CONTAINER/org.eclipse.jdt.internal.debug.ui.launcher.StandardVMType/JavaSE-1.7: com.surelogic.tree.SyntaxTreeNode@5cc04e25
WARNING: TreeAccessor couldn't find equals(java.lang.Object) in java.util.ArrayList
WARNING: TreeAccessor couldn't find hashCode() in java.util.ArrayList
Added 3 promises for java.nio.file.DirectoryStream in org.eclipse.jdt.launching.JRE_CONTAINER/org.eclipse.jdt.internal.debug.ui.launcher.StandardVMType/JavaSE-1.7: com.surelogic.tree.SyntaxTreeNode@225243f4
Added 29 promises for java.util.AbstractSequentialList in org.eclipse.jdt.launching.JRE_CONTAINER/org.eclipse.jdt.internal.debug.ui.launcher.StandardVMType/JavaSE-1.7: com.surelogic.tree.SyntaxTreeNode@7ae10b4c
Added 104 promises for java.util.ArrayList in org.eclipse.jdt.launching.JRE_CONTAINER/org.eclipse.jdt.internal.debug.ui.launcher.StandardVMType/JavaSE-1.7: com.surelogic.tree.SyntaxTreeNode@1ab979d0
Added 108 promises for java.util.AbstractMap in org.eclipse.jdt.launching.JRE_CONTAINER/org.eclipse.jdt.internal.debug.ui.launcher.StandardVMType/JavaSE-1.7: com.surelogic.tree.SyntaxTreeNode@6df629b3
Added 1 promises for java.lang.ref.ReferenceQueue in org.eclipse.jdt.launching.JRE_CONTAINER/org.eclipse.jdt.internal.debug.ui.launcher.StandardVMType/JavaSE-1.7: com.surelogic.tree.SyntaxTreeNode@587510d
[GC (Allocation Failure)  102249K->57137K(384512K), 0.0047170 secs]
Added 55 promises for java.util.AbstractCollection in org.eclipse.jdt.launching.JRE_CONTAINER/org.eclipse.jdt.internal.debug.ui.launcher.StandardVMType/JavaSE-1.7: com.surelogic.tree.SyntaxTreeNode@6ff4f00
Added 6 promises for java.util.Iterator in org.eclipse.jdt.launching.JRE_CONTAINER/org.eclipse.jdt.internal.debug.ui.launcher.StandardVMType/JavaSE-1.7: com.surelogic.tree.SyntaxTreeNode@398513fb
Added 89 promises for java.util.List in org.eclipse.jdt.launching.JRE_CONTAINER/org.eclipse.jdt.internal.debug.ui.launcher.StandardVMType/JavaSE-1.7: com.surelogic.tree.SyntaxTreeNode@3e34a4f5
Added 2 promises for java.lang.ref.SoftReference in org.eclipse.jdt.launching.JRE_CONTAINER/org.eclipse.jdt.internal.debug.ui.launcher.StandardVMType/JavaSE-1.7: com.surelogic.tree.SyntaxTreeNode@44254115
Added 13 promises for java.lang.Enum in org.eclipse.jdt.launching.JRE_CONTAINER/org.eclipse.jdt.internal.debug.ui.launcher.StandardVMType/JavaSE-1.7: com.surelogic.tree.SyntaxTreeNode@62333a1b
Added 12 promises for java.lang.RuntimeException in org.eclipse.jdt.launching.JRE_CONTAINER/org.eclipse.jdt.internal.debug.ui.launcher.StandardVMType/JavaSE-1.7: com.surelogic.tree.SyntaxTreeNode@232c09b
Added 18 promises for java.net.URISyntaxException in org.eclipse.jdt.launching.JRE_CONTAINER/org.eclipse.jdt.internal.debug.ui.launcher.StandardVMType/JavaSE-1.7: com.surelogic.tree.SyntaxTreeNode@6e6e35dc
Added 64 promises for java.util.Map in org.eclipse.jdt.launching.JRE_CONTAINER/org.eclipse.jdt.internal.debug.ui.launcher.StandardVMType/JavaSE-1.7: com.surelogic.tree.SyntaxTreeNode@397c63ca
Added 17 promises for java.util.concurrent.ConcurrentMap in org.eclipse.jdt.launching.JRE_CONTAINER/org.eclipse.jdt.internal.debug.ui.launcher.StandardVMType/JavaSE-1.7: com.surelogic.tree.SyntaxTreeNode@28bbcadd
Added 34 promises for java.util.concurrent.ExecutorService in org.eclipse.jdt.launching.JRE_CONTAINER/org.eclipse.jdt.internal.debug.ui.launcher.StandardVMType/JavaSE-1.7: com.surelogic.tree.SyntaxTreeNode@552b6d78
Added 12 promises for java.lang.Error in org.eclipse.jdt.launching.JRE_CONTAINER/org.eclipse.jdt.internal.debug.ui.launcher.StandardVMType/JavaSE-1.7: com.surelogic.tree.SyntaxTreeNode@21c41996
Added 1 promises for constructors.BusyConstructor in TestUtilityAssurance: com.surelogic.tree.SyntaxTreeNode@ba904c2
Added 70 promises for java.lang.Double in org.eclipse.jdt.launching.JRE_CONTAINER/org.eclipse.jdt.internal.debug.ui.launcher.StandardVMType/JavaSE-1.7: com.surelogic.tree.SyntaxTreeNode@5c070108
Added 1 promises for calls.T in TestUtilityAssurance: com.surelogic.tree.SyntaxTreeNode@3aa4a62e
Added 3 promises for java.nio.file.Path in org.eclipse.jdt.launching.JRE_CONTAINER/org.eclipse.jdt.internal.debug.ui.launcher.StandardVMType/JavaSE-1.7: com.surelogic.tree.SyntaxTreeNode@6407eb93
Added 144 promises for java.lang.AbstractStringBuilder in org.eclipse.jdt.launching.JRE_CONTAINER/org.eclipse.jdt.internal.debug.ui.launcher.StandardVMType/JavaSE-1.7: com.surelogic.tree.SyntaxTreeNode@99518fe
Added 6 promises for java.io.PrintWriter in org.eclipse.jdt.launching.JRE_CONTAINER/org.eclipse.jdt.internal.debug.ui.launcher.StandardVMType/JavaSE-1.7: com.surelogic.tree.SyntaxTreeNode@1a65e2a2
Added 45 promises for java.util.ResourceBundle in org.eclipse.jdt.launching.JRE_CONTAINER/org.eclipse.jdt.internal.debug.ui.launcher.StandardVMType/JavaSE-1.7: com.surelogic.tree.SyntaxTreeNode@74750319
Added 88 promises for java.util.jar.Attributes in org.eclipse.jdt.launching.JRE_CONTAINER/org.eclipse.jdt.internal.debug.ui.launcher.StandardVMType/JavaSE-1.7: com.surelogic.tree.SyntaxTreeNode@35d59ef9
Added 18 promises for java.util.ListIterator in org.eclipse.jdt.launching.JRE_CONTAINER/org.eclipse.jdt.internal.debug.ui.launcher.StandardVMType/JavaSE-1.7: com.surelogic.tree.SyntaxTreeNode@206710d
Added 20 promises for java.util.concurrent.locks.Lock in org.eclipse.jdt.launching.JRE_CONTAINER/org.eclipse.jdt.internal.debug.ui.launcher.StandardVMType/JavaSE-1.7: com.surelogic.tree.SyntaxTreeNode@3a736652
Added 12 promises for java.lang.IllegalArgumentException in org.eclipse.jdt.launching.JRE_CONTAINER/org.eclipse.jdt.internal.debug.ui.launcher.StandardVMType/JavaSE-1.7: com.surelogic.tree.SyntaxTreeNode@227330e2
Added 6 promises for java.lang.InstantiationException in org.eclipse.jdt.launching.JRE_CONTAINER/org.eclipse.jdt.internal.debug.ui.launcher.StandardVMType/JavaSE-1.7: com.surelogic.tree.SyntaxTreeNode@563e007c
Added 61 promises for java.lang.Short in org.eclipse.jdt.launching.JRE_CONTAINER/org.eclipse.jdt.internal.debug.ui.launcher.StandardVMType/JavaSE-1.7: com.surelogic.tree.SyntaxTreeNode@5ea782e1
Added 6 promises for java.io.PrintStream in org.eclipse.jdt.launching.JRE_CONTAINER/org.eclipse.jdt.internal.debug.ui.launcher.StandardVMType/JavaSE-1.7: com.surelogic.tree.SyntaxTreeNode@55970ba6
Added 6 promises for java.lang.CloneNotSupportedException in org.eclipse.jdt.launching.JRE_CONTAINER/org.eclipse.jdt.internal.debug.ui.launcher.StandardVMType/JavaSE-1.7: com.surelogic.tree.SyntaxTreeNode@639ef9d0
Added 141 promises for java.lang.Thread in org.eclipse.jdt.launching.JRE_CONTAINER/org.eclipse.jdt.internal.debug.ui.launcher.StandardVMType/JavaSE-1.7: com.surelogic.tree.SyntaxTreeNode@50655470
Added 1 promises for constructors.PrivateConstructor in TestUtilityAssurance: com.surelogic.tree.SyntaxTreeNode@7c99d361
Added 31 promises for java.lang.Object in org.eclipse.jdt.launching.JRE_CONTAINER/org.eclipse.jdt.internal.debug.ui.launcher.StandardVMType/JavaSE-1.7: com.surelogic.tree.SyntaxTreeNode@5ef4aebd
Added 61 promises for java.util.HashMap in org.eclipse.jdt.launching.JRE_CONTAINER/org.eclipse.jdt.internal.debug.ui.launcher.StandardVMType/JavaSE-1.7: com.surelogic.tree.SyntaxTreeNode@41f352a6
Added 301 promises for java.lang.String in org.eclipse.jdt.launching.JRE_CONTAINER/org.eclipse.jdt.internal.debug.ui.launcher.StandardVMType/JavaSE-1.7: com.surelogic.tree.SyntaxTreeNode@43be53c9
Added 1 promises for java.lang.ThreadLocal in org.eclipse.jdt.launching.JRE_CONTAINER/org.eclipse.jdt.internal.debug.ui.launcher.StandardVMType/JavaSE-1.7: com.surelogic.tree.SyntaxTreeNode@4804d43
Added 12 promises for java.lang.SecurityException in org.eclipse.jdt.launching.JRE_CONTAINER/org.eclipse.jdt.internal.debug.ui.launcher.StandardVMType/JavaSE-1.7: com.surelogic.tree.SyntaxTreeNode@45457266
Added 1 promises for constructors.ConstructorHasArgs in TestUtilityAssurance: com.surelogic.tree.SyntaxTreeNode@5d9f6f02
Added 1 promises for test.NotFinal in TestUtilityAssurance: com.surelogic.tree.SyntaxTreeNode@3f49732c
Added 22 promises for java.util.concurrent.locks.Condition in org.eclipse.jdt.launching.JRE_CONTAINER/org.eclipse.jdt.internal.debug.ui.launcher.StandardVMType/JavaSE-1.7: com.surelogic.tree.SyntaxTreeNode@3b446727
[GC (Allocation Failure)  105265K->58442K(402432K), 0.0045970 secs]
Added 22 promises for java.lang.Number in org.eclipse.jdt.launching.JRE_CONTAINER/org.eclipse.jdt.internal.debug.ui.launcher.StandardVMType/JavaSE-1.7: com.surelogic.tree.SyntaxTreeNode@3e7e3fe4
Added 138 promises for java.math.BigInteger in org.eclipse.jdt.launching.JRE_CONTAINER/org.eclipse.jdt.internal.debug.ui.launcher.StandardVMType/JavaSE-1.7: com.surelogic.tree.SyntaxTreeNode@2f362e98
Added 96 promises for java.lang.Long in org.eclipse.jdt.launching.JRE_CONTAINER/org.eclipse.jdt.internal.debug.ui.launcher.StandardVMType/JavaSE-1.7: com.surelogic.tree.SyntaxTreeNode@5765b532
Added 29 promises for java.util.Dictionary in org.eclipse.jdt.launching.JRE_CONTAINER/org.eclipse.jdt.internal.debug.ui.launcher.StandardVMType/JavaSE-1.7: com.surelogic.tree.SyntaxTreeNode@4d9c7e78
Added 1 promises for constructors.ThrowsWrong in TestUtilityAssurance: com.surelogic.tree.SyntaxTreeNode@32164e7f
Added 139 promises for java.util.LinkedList in org.eclipse.jdt.launching.JRE_CONTAINER/org.eclipse.jdt.internal.debug.ui.launcher.StandardVMType/JavaSE-1.7: com.surelogic.tree.SyntaxTreeNode@47809834
Added 54 promises for java.util.Collection in org.eclipse.jdt.launching.JRE_CONTAINER/org.eclipse.jdt.internal.debug.ui.launcher.StandardVMType/JavaSE-1.7: com.surelogic.tree.SyntaxTreeNode@b654df1
Added 73 promises for java.lang.Float in org.eclipse.jdt.launching.JRE_CONTAINER/org.eclipse.jdt.internal.debug.ui.launcher.StandardVMType/JavaSE-1.7: com.surelogic.tree.SyntaxTreeNode@422cd29c
Added 29 promises for java.util.concurrent.TimeUnit in org.eclipse.jdt.launching.JRE_CONTAINER/org.eclipse.jdt.internal.debug.ui.launcher.StandardVMType/JavaSE-1.7: com.surelogic.tree.SyntaxTreeNode@6fd4907d
Added 60 promises for java.util.AbstractList in org.eclipse.jdt.launching.JRE_CONTAINER/org.eclipse.jdt.internal.debug.ui.launcher.StandardVMType/JavaSE-1.7: com.surelogic.tree.SyntaxTreeNode@1a79e24a
Added 18 promises for java.nio.CharBuffer in org.eclipse.jdt.launching.JRE_CONTAINER/org.eclipse.jdt.internal.debug.ui.launcher.StandardVMType/JavaSE-1.7: com.surelogic.tree.SyntaxTreeNode@5fd059a1
Added 1 promises for test.Implements2 in TestUtilityAssurance: com.surelogic.tree.SyntaxTreeNode@37ab2fd5
Added 158 promises for java.lang.StringBuffer in org.eclipse.jdt.launching.JRE_CONTAINER/org.eclipse.jdt.internal.debug.ui.launcher.StandardVMType/JavaSE-1.7: com.surelogic.tree.SyntaxTreeNode@61613f1b
Added 1 promises for constructors.NoConstructor in TestUtilityAssurance: com.surelogic.tree.SyntaxTreeNode@7d426534
Added 109 promises for java.lang.StringBuilder in org.eclipse.jdt.launching.JRE_CONTAINER/org.eclipse.jdt.internal.debug.ui.launcher.StandardVMType/JavaSE-1.7: com.surelogic.tree.SyntaxTreeNode@5629655e
##SUBTASK_DONE
##WORK, 1
Scrubbing promises
##SUBTASK, Scrubbing promises
Creating RegionModel java.lang.Object.Instance for org.eclipse.jdt.launching.JRE_CONTAINER/org.eclipse.jdt.internal.debug.ui.launcher.StandardVMType/JavaSE-1.7
[GC (Allocation Failure)  126026K->61531K(402944K), 0.0068370 secs]
##SUBTASK_DONE
##WORK, 1
Starting analyses
Using new analysis framework -- groups
Starting group: ThreadEffectsModule, StructureAnalysis, ParameterizedTypeAnalysis, EqualityAnalysis, LayersAnalysis
##SUBTASK, Starting parallel ThreadEffectsModule [0]: 0 for org.eclipse.jdt.launching.JRE_CONTAINER/org.eclipse.jdt.internal.debug.ui.launcher.StandardVMType/JavaSE-1.7
Starting parallel ThreadEffectsModule [0]: 0 for org.eclipse.jdt.launching.JRE_CONTAINER/org.eclipse.jdt.internal.debug.ui.launcher.StandardVMType/JavaSE-1.7
##SUBTASK, Starting parallel StructureAnalysis [1]: 0 for org.eclipse.jdt.launching.JRE_CONTAINER/org.eclipse.jdt.internal.debug.ui.launcher.StandardVMType/JavaSE-1.7
Starting parallel StructureAnalysis [1]: 0 for org.eclipse.jdt.launching.JRE_CONTAINER/org.eclipse.jdt.internal.debug.ui.launcher.StandardVMType/JavaSE-1.7
##SUBTASK, Starting parallel ParameterizedTypeAnalysis [2]: 0 for org.eclipse.jdt.launching.JRE_CONTAINER/org.eclipse.jdt.internal.debug.ui.launcher.StandardVMType/JavaSE-1.7
Starting parallel ParameterizedTypeAnalysis [2]: 0 for org.eclipse.jdt.launching.JRE_CONTAINER/org.eclipse.jdt.internal.debug.ui.launcher.StandardVMType/JavaSE-1.7
##SUBTASK, Starting parallel EqualityAnalysis [3]: 0 for org.eclipse.jdt.launching.JRE_CONTAINER/org.eclipse.jdt.internal.debug.ui.launcher.StandardVMType/JavaSE-1.7
Starting parallel EqualityAnalysis [3]: 0 for org.eclipse.jdt.launching.JRE_CONTAINER/org.eclipse.jdt.internal.debug.ui.launcher.StandardVMType/JavaSE-1.7
##SUBTASK, Starting parallel LayersAnalysis [4]: 0 for org.eclipse.jdt.launching.JRE_CONTAINER/org.eclipse.jdt.internal.debug.ui.launcher.StandardVMType/JavaSE-1.7
Starting parallel LayersAnalysis [4]: 0 for org.eclipse.jdt.launching.JRE_CONTAINER/org.eclipse.jdt.internal.debug.ui.launcher.StandardVMType/JavaSE-1.7
##WORK, 1
##SUBTASK_DONE
##WORK, 1
##SUBTASK_DONE
##WORK, 1
##SUBTASK_DONE
##WORK, 1
##SUBTASK_DONE
##WORK, 1
##SUBTASK_DONE
##SUBTASK, Starting parallel ThreadEffectsModule [0]: 19 for TestUtilityAssurance
Starting parallel ThreadEffectsModule [0]: 19 for TestUtilityAssurance
##SUBTASK, Starting parallel StructureAnalysis [1]: 19 for TestUtilityAssurance
Starting parallel StructureAnalysis [1]: 19 for TestUtilityAssurance
##SUBTASK, Starting parallel ParameterizedTypeAnalysis [2]: 19 for TestUtilityAssurance
Starting parallel ParameterizedTypeAnalysis [2]: 19 for TestUtilityAssurance
##SUBTASK, Starting parallel EqualityAnalysis [3]: 19 for TestUtilityAssurance
Starting parallel EqualityAnalysis [3]: 19 for TestUtilityAssurance
##SUBTASK, Starting parallel LayersAnalysis [4]: 19 for TestUtilityAssurance
Starting parallel LayersAnalysis [4]: 19 for TestUtilityAssurance
##SUBTASK, Checking [ Thread effects ] file:/Users/aarong/git/regression/regression/TestUtilityAssurance/src/constructors/ThrowsError.java
##SUBTASK, Checking [ Thread effects ] file:/Users/aarong/git/regression/regression/TestUtilityAssurance/src/test/J.java
##SUBTASK, Checking [ Thread effects ] file:/Users/aarong/git/regression/regression/TestUtilityAssurance/src/constructors/NoConstructor.java
##SUBTASK, Checking [ Thread effects ] file:/Users/aarong/git/regression/regression/TestUtilityAssurance/src/test/NotPublic.java
##SUBTASK, Checking [ Thread effects ] file:/Users/aarong/git/regression/regression/TestUtilityAssurance/src/test/Implements2.java
##SUBTASK, Checking [ Thread effects ] file:/Users/aarong/git/regression/regression/TestUtilityAssurance/src/calls/T.java
##SUBTASK, Checking [ Thread effects ] file:/Users/aarong/git/regression/regression/TestUtilityAssurance/src/test/Public.java
##SUBTASK, Checking [ Thread effects ] file:/Users/aarong/git/regression/regression/TestUtilityAssurance/src/test/Implements1.java
##WORK, 1
##SUBTASK_DONE
##WORK, 1
##SUBTASK_DONE
##SUBTASK, Checking [ Structure analysis ] file:/Users/aarong/git/regression/regression/TestUtilityAssurance/src/test/NotPublic.java
##WORK, 1
##SUBTASK_DONE
##SUBTASK, Checking [ Structure analysis ] file:/Users/aarong/git/regression/regression/TestUtilityAssurance/src/test/Implements1.java
##SUBTASK, Checking [ Structure analysis ] file:/Users/aarong/git/regression/regression/TestUtilityAssurance/src/constructors/NoConstructor.java
##WORK, 1
##SUBTASK_DONE
##SUBTASK, Checking [ Structure analysis ] file:/Users/aarong/git/regression/regression/TestUtilityAssurance/src/calls/T.java
##WORK, 1
##SUBTASK_DONE
##SUBTASK, Checking [ Structure analysis ] file:/Users/aarong/git/regression/regression/TestUtilityAssurance/src/test/Public.java
##WORK, 1
##SUBTASK_DONE
##SUBTASK, Checking [ Structure analysis ] file:/Users/aarong/git/regression/regression/TestUtilityAssurance/src/test/Implements2.java
##WORK, 1
##SUBTASK_DONE
##SUBTASK, Checking [ Structure analysis ] file:/Users/aarong/git/regression/regression/TestUtilityAssurance/src/constructors/ThrowsError.java
##WORK, 1
##SUBTASK_DONE
##SUBTASK, Checking [ Structure analysis ] file:/Users/aarong/git/regression/regression/TestUtilityAssurance/src/test/J.java
##WORK, 1
##SUBTASK_DONE
##SUBTASK, Checking [ Annotation bounds ] file:/Users/aarong/git/regression/regression/TestUtilityAssurance/src/constructors/ThrowsError.java
##WORK, 1
##SUBTASK_DONE
##SUBTASK, Checking [ Annotation bounds ] file:/Users/aarong/git/regression/regression/TestUtilityAssurance/src/test/Implements2.java
##WORK, 1
##SUBTASK_DONE
##SUBTASK, Checking [ Annotation bounds ] file:/Users/aarong/git/regression/regression/TestUtilityAssurance/src/test/Public.java
##WORK, 1
##SUBTASK_DONE
##SUBTASK, Checking [ Annotation bounds ] file:/Users/aarong/git/regression/regression/TestUtilityAssurance/src/calls/T.java
##WORK, 1
##SUBTASK_DONE
##SUBTASK, Checking [ Annotation bounds ] file:/Users/aarong/git/regression/regression/TestUtilityAssurance/src/constructors/NoConstructor.java
##WORK, 1
##SUBTASK_DONE
##SUBTASK, Checking [ Annotation bounds ] file:/Users/aarong/git/regression/regression/TestUtilityAssurance/src/test/Implements1.java
##WORK, 1
##SUBTASK_DONE
##SUBTASK, Checking [ Annotation bounds ] file:/Users/aarong/git/regression/regression/TestUtilityAssurance/src/test/NotPublic.java
##WORK, 1
##SUBTASK_DONE
##SUBTASK, Checking [ Reference equality ] file:/Users/aarong/git/regression/regression/TestUtilityAssurance/src/constructors/NoConstructor.java
##WORK, 1
##SUBTASK_DONE
##SUBTASK, Checking [ Reference equality ] file:/Users/aarong/git/regression/regression/TestUtilityAssurance/src/constructors/ThrowsError.java
##WORK, 1
##SUBTASK_DONE
##SUBTASK, Checking [ Reference equality ] file:/Users/aarong/git/regression/regression/TestUtilityAssurance/src/test/Implements2.java
##WORK, 1
##SUBTASK_DONE
##SUBTASK, Checking [ Reference equality ] file:/Users/aarong/git/regression/regression/TestUtilityAssurance/src/test/Public.java
##WORK, 1
##SUBTASK_DONE
##SUBTASK, Checking [ Annotation bounds ] file:/Users/aarong/git/regression/regression/TestUtilityAssurance/src/test/J.java
##WORK, 1
##SUBTASK_DONE
##SUBTASK, Checking [ Reference equality ] file:/Users/aarong/git/regression/regression/TestUtilityAssurance/src/test/NotPublic.java
##WORK, 1
##SUBTASK_DONE
##SUBTASK, Checking [ Reference equality ] file:/Users/aarong/git/regression/regression/TestUtilityAssurance/src/calls/T.java
##WORK, 1
##SUBTASK_DONE
##SUBTASK, Checking [ Reference equality ] file:/Users/aarong/git/regression/regression/TestUtilityAssurance/src/test/Implements1.java
##WORK, 1
##SUBTASK_DONE
##SUBTASK, Checking [ Reference equality ] file:/Users/aarong/git/regression/regression/TestUtilityAssurance/src/test/J.java
##WORK, 1
##SUBTASK_DONE
##WORK, 1
##SUBTASK_DONE
##SUBTASK, Checking [ Static structure ] file:/Users/aarong/git/regression/regression/TestUtilityAssurance/src/test/Implements2.java
##SUBTASK, Checking [ Static structure ] file:/Users/aarong/git/regression/regression/TestUtilityAssurance/src/test/J.java
##WORK, 1
##SUBTASK_DONE
##WORK, 1
##SUBTASK_DONE
##WORK, 1
##SUBTASK_DONE
##SUBTASK, Checking [ Static structure ] file:/Users/aarong/git/regression/regression/TestUtilityAssurance/src/calls/T.java
##WORK, 1
##SUBTASK_DONE
##SUBTASK, Checking [ Static structure ] file:/Users/aarong/git/regression/regression/TestUtilityAssurance/src/test/NotPublic.java
##SUBTASK, Checking [ Static structure ] file:/Users/aarong/git/regression/regression/TestUtilityAssurance/src/test/Public.java
##SUBTASK, Checking [ Static structure ] file:/Users/aarong/git/regression/regression/TestUtilityAssurance/src/test/Implements1.java
##WORK, 1
##SUBTASK_DONE
##WORK, 1
##SUBTASK_DONE
##SUBTASK, Checking [ Static structure ] file:/Users/aarong/git/regression/regression/TestUtilityAssurance/src/constructors/ThrowsError.java
##SUBTASK, Checking [ Static structure ] file:/Users/aarong/git/regression/regression/TestUtilityAssurance/src/constructors/NoConstructor.java
##WORK, 1
##SUBTASK_DONE
##SUBTASK, Checking [ Thread effects ] file:/Users/aarong/git/regression/regression/TestUtilityAssurance/src/test/TestStatic.java
##WORK, 1
##SUBTASK_DONE
##SUBTASK, Checking [ Structure analysis ] file:/Users/aarong/git/regression/regression/TestUtilityAssurance/src/test/TestStatic.java
##WORK, 1
##SUBTASK_DONE
##SUBTASK, Checking [ Annotation bounds ] file:/Users/aarong/git/regression/regression/TestUtilityAssurance/src/test/TestStatic.java
##WORK, 1
##SUBTASK_DONE
##SUBTASK, Checking [ Reference equality ] file:/Users/aarong/git/regression/regression/TestUtilityAssurance/src/test/TestStatic.java
##WORK, 1
##SUBTASK_DONE
##SUBTASK, Checking [ Static structure ] file:/Users/aarong/git/regression/regression/TestUtilityAssurance/src/test/TestStatic.java
##WORK, 1
##SUBTASK_DONE
##SUBTASK, Checking [ Thread effects ] file:/Users/aarong/git/regression/regression/TestUtilityAssurance/src/constructors/ThrowsWrong.java
##WORK, 1
##SUBTASK_DONE
##SUBTASK, Checking [ Structure analysis ] file:/Users/aarong/git/regression/regression/TestUtilityAssurance/src/constructors/ThrowsWrong.java
##WORK, 1
##SUBTASK_DONE
##SUBTASK, Checking [ Annotation bounds ] file:/Users/aarong/git/regression/regression/TestUtilityAssurance/src/constructors/ThrowsWrong.java
##WORK, 1
##SUBTASK_DONE
##SUBTASK, Checking [ Reference equality ] file:/Users/aarong/git/regression/regression/TestUtilityAssurance/src/constructors/ThrowsWrong.java
##WORK, 1
##SUBTASK_DONE
##SUBTASK, Checking [ Static structure ] file:/Users/aarong/git/regression/regression/TestUtilityAssurance/src/constructors/ThrowsWrong.java
##WORK, 1
##SUBTASK_DONE
##SUBTASK, Checking [ Thread effects ] file:/Users/aarong/git/regression/regression/TestUtilityAssurance/src/constructors/TooManyConstructors.java
##WORK, 1
##SUBTASK_DONE
##SUBTASK, Checking [ Structure analysis ] file:/Users/aarong/git/regression/regression/TestUtilityAssurance/src/constructors/TooManyConstructors.java
##WORK, 1
##SUBTASK_DONE
##SUBTASK, Checking [ Annotation bounds ] file:/Users/aarong/git/regression/regression/TestUtilityAssurance/src/constructors/TooManyConstructors.java
##WORK, 1
##SUBTASK_DONE
##SUBTASK, Checking [ Reference equality ] file:/Users/aarong/git/regression/regression/TestUtilityAssurance/src/constructors/TooManyConstructors.java
##WORK, 1
##SUBTASK_DONE
##WORK, 1
##SUBTASK_DONE
##SUBTASK, Checking [ Static structure ] file:/Users/aarong/git/regression/regression/TestUtilityAssurance/src/constructors/TooManyConstructors.java
##SUBTASK, Checking [ Thread effects ] file:/Users/aarong/git/regression/regression/TestUtilityAssurance/src/constructors/PublicConstructor.java
##WORK, 1
##SUBTASK_DONE
##SUBTASK, Checking [ Structure analysis ] file:/Users/aarong/git/regression/regression/TestUtilityAssurance/src/constructors/PublicConstructor.java
##WORK, 1
##SUBTASK_DONE
##SUBTASK, Checking [ Annotation bounds ] file:/Users/aarong/git/regression/regression/TestUtilityAssurance/src/constructors/PublicConstructor.java
##WORK, 1
##SUBTASK_DONE
##WORK, 1
##SUBTASK_DONE
##SUBTASK, Checking [ Reference equality ] file:/Users/aarong/git/regression/regression/TestUtilityAssurance/src/constructors/PublicConstructor.java
##SUBTASK, Checking [ Thread effects ] file:/Users/aarong/git/regression/regression/TestUtilityAssurance/src/constructors/BusyConstructor.java
##WORK, 1
##SUBTASK_DONE
##SUBTASK, Checking [ Static structure ] file:/Users/aarong/git/regression/regression/TestUtilityAssurance/src/constructors/PublicConstructor.java
##WORK, 1
##SUBTASK_DONE
##SUBTASK, Checking [ Structure analysis ] file:/Users/aarong/git/regression/regression/TestUtilityAssurance/src/constructors/BusyConstructor.java
##WORK, 1
##SUBTASK_DONE
##SUBTASK, Checking [ Annotation bounds ] file:/Users/aarong/git/regression/regression/TestUtilityAssurance/src/constructors/BusyConstructor.java
##WORK, 1
##SUBTASK_DONE
##WORK, 1
##SUBTASK_DONE
##WORK, 1
##SUBTASK_DONE
##SUBTASK, Checking [ Thread effects ] file:/Users/aarong/git/regression/regression/TestUtilityAssurance/src/constructors/PrivateConstructor.java
##SUBTASK, Checking [ Thread effects ] file:/Users/aarong/git/regression/regression/TestUtilityAssurance/src/test/NotFinal.java
##SUBTASK, Checking [ Reference equality ] file:/Users/aarong/git/regression/regression/TestUtilityAssurance/src/constructors/BusyConstructor.java
##WORK, 1
##SUBTASK_DONE
##SUBTASK, Checking [ Structure analysis ] file:/Users/aarong/git/regression/regression/TestUtilityAssurance/src/constructors/PrivateConstructor.java
##WORK, 1
##SUBTASK_DONE
##SUBTASK, Checking [ Structure analysis ] file:/Users/aarong/git/regression/regression/TestUtilityAssurance/src/test/NotFinal.java
##WORK, 1
##SUBTASK_DONE
##SUBTASK, Checking [ Static structure ] file:/Users/aarong/git/regression/regression/TestUtilityAssurance/src/constructors/BusyConstructor.java
##WORK, 1
##SUBTASK_DONE
##SUBTASK, Checking [ Annotation bounds ] file:/Users/aarong/git/regression/regression/TestUtilityAssurance/src/constructors/PrivateConstructor.java
##WORK, 1
##SUBTASK_DONE
##SUBTASK, Checking [ Annotation bounds ] file:/Users/aarong/git/regression/regression/TestUtilityAssurance/src/test/NotFinal.java
##WORK, 1
##SUBTASK_DONE
##SUBTASK, Checking [ Reference equality ] file:/Users/aarong/git/regression/regression/TestUtilityAssurance/src/constructors/PrivateConstructor.java
##WORK, 1
##SUBTASK_DONE
##SUBTASK, Checking [ Reference equality ] file:/Users/aarong/git/regression/regression/TestUtilityAssurance/src/test/NotFinal.java
##WORK, 1
##SUBTASK_DONE
##SUBTASK, Checking [ Static structure ] file:/Users/aarong/git/regression/regression/TestUtilityAssurance/src/constructors/PrivateConstructor.java
##WORK, 1
##SUBTASK_DONE
##SUBTASK, Checking [ Static structure ] file:/Users/aarong/git/regression/regression/TestUtilityAssurance/src/test/NotFinal.java
##WORK, 1
##SUBTASK_DONE
##WORK, 1
##SUBTASK_DONE
##SUBTASK, Checking [ Thread effects ] file:/Users/aarong/git/regression/regression/TestUtilityAssurance/src/test/NotFromObject.java
##WORK, 1
##SUBTASK_DONE
##SUBTASK, Checking [ Structure analysis ] file:/Users/aarong/git/regression/regression/TestUtilityAssurance/src/test/NotFromObject.java
##WORK, 1
##SUBTASK_DONE
##WORK, 1
##SUBTASK_DONE
##WORK, 1
##SUBTASK_DONE
##SUBTASK, Checking [ Annotation bounds ] file:/Users/aarong/git/regression/regression/TestUtilityAssurance/src/test/NotFromObject.java
##WORK, 1
##SUBTASK_DONE
##SUBTASK, Checking [ Reference equality ] file:/Users/aarong/git/regression/regression/TestUtilityAssurance/src/test/NotFromObject.java
##WORK, 1
##SUBTASK_DONE
##SUBTASK, Checking [ Static structure ] file:/Users/aarong/git/regression/regression/TestUtilityAssurance/src/test/NotFromObject.java
##WORK, 1
##SUBTASK_DONE
##SUBTASK, Checking [ Thread effects ] file:/Users/aarong/git/regression/regression/TestUtilityAssurance/src/test/Other.java
##WORK, 1
##SUBTASK_DONE
##SUBTASK, Checking [ Structure analysis ] file:/Users/aarong/git/regression/regression/TestUtilityAssurance/src/test/Other.java
##WORK, 1
##SUBTASK_DONE
##SUBTASK, Checking [ Annotation bounds ] file:/Users/aarong/git/regression/regression/TestUtilityAssurance/src/test/Other.java
##WORK, 1
##SUBTASK_DONE
##SUBTASK, Checking [ Reference equality ] file:/Users/aarong/git/regression/regression/TestUtilityAssurance/src/test/Other.java
##WORK, 1
##SUBTASK_DONE
##WORK, 1
##SUBTASK_DONE
##SUBTASK, Checking [ Static structure ] file:/Users/aarong/git/regression/regression/TestUtilityAssurance/src/test/Other.java
##WORK, 1
##SUBTASK_DONE
##SUBTASK, Checking [ Thread effects ] file:/Users/aarong/git/regression/regression/TestUtilityAssurance/src/test/I.java
##WORK, 1
##SUBTASK_DONE
##SUBTASK, Checking [ Structure analysis ] file:/Users/aarong/git/regression/regression/TestUtilityAssurance/src/test/I.java
##WORK, 1
##SUBTASK_DONE
##SUBTASK, Checking [ Annotation bounds ] file:/Users/aarong/git/regression/regression/TestUtilityAssurance/src/test/I.java
##WORK, 1
##SUBTASK_DONE
##SUBTASK, Checking [ Reference equality ] file:/Users/aarong/git/regression/regression/TestUtilityAssurance/src/test/I.java
##WORK, 1
##SUBTASK_DONE
##SUBTASK, Checking [ Static structure ] file:/Users/aarong/git/regression/regression/TestUtilityAssurance/src/test/I.java
##WORK, 1
##SUBTASK_DONE
##WORK, 1
##SUBTASK_DONE
##SUBTASK, Checking [ Thread effects ] file:/Users/aarong/git/regression/regression/TestUtilityAssurance/src/constructors/ConstructorHasArgs.java
##WORK, 1
##SUBTASK_DONE
##SUBTASK, Checking [ Structure analysis ] file:/Users/aarong/git/regression/regression/TestUtilityAssurance/src/constructors/ConstructorHasArgs.java
##WORK, 1
##SUBTASK_DONE
##SUBTASK, Checking [ Annotation bounds ] file:/Users/aarong/git/regression/regression/TestUtilityAssurance/src/constructors/ConstructorHasArgs.java
##WORK, 1
##SUBTASK_DONE
##SUBTASK, Checking [ Reference equality ] file:/Users/aarong/git/regression/regression/TestUtilityAssurance/src/constructors/ConstructorHasArgs.java
##WORK, 1
##SUBTASK_DONE
##SUBTASK, Checking [ Static structure ] file:/Users/aarong/git/regression/regression/TestUtilityAssurance/src/constructors/ConstructorHasArgs.java
##WORK, 1
##SUBTASK_DONE
##WORK, 1
##SUBTASK_DONE
##WORK, 1
##SUBTASK_DONE
##WORK, 1
##SUBTASK_DONE
##WORK, 1
##SUBTASK_DONE
##WORK, 1
##SUBTASK_DONE
##WORK, 1
##SUBTASK_DONE
##WORK, 1
##SUBTASK_DONE
Starting group: UtilityAnalysis, SingletonAnalysis, LockAnalysis, EffectsAnalysis
com.surelogic.analysis.uniqueness.classic.sideeffecting.UniquenessAnalysisModule$1@5b37e0d2: 0
com.surelogic.analysis.visitors.TopLevelAnalysisVisitor$1@69663380: 33
##SUBTASK, Starting parallel UtilityAnalysis [5]: 0 for org.eclipse.jdt.launching.JRE_CONTAINER/org.eclipse.jdt.internal.debug.ui.launcher.StandardVMType/JavaSE-1.7
Starting parallel UtilityAnalysis [5]: 0 for org.eclipse.jdt.launching.JRE_CONTAINER/org.eclipse.jdt.internal.debug.ui.launcher.StandardVMType/JavaSE-1.7
##SUBTASK, Starting parallel SingletonAnalysis [6]: 0 for org.eclipse.jdt.launching.JRE_CONTAINER/org.eclipse.jdt.internal.debug.ui.launcher.StandardVMType/JavaSE-1.7
Starting parallel SingletonAnalysis [6]: 0 for org.eclipse.jdt.launching.JRE_CONTAINER/org.eclipse.jdt.internal.debug.ui.launcher.StandardVMType/JavaSE-1.7
##SUBTASK, Starting parallel LockAnalysis [7]: 0 for org.eclipse.jdt.launching.JRE_CONTAINER/org.eclipse.jdt.internal.debug.ui.launcher.StandardVMType/JavaSE-1.7
Starting parallel LockAnalysis [7]: 0 for org.eclipse.jdt.launching.JRE_CONTAINER/org.eclipse.jdt.internal.debug.ui.launcher.StandardVMType/JavaSE-1.7
Looking at @RegionLock("MUTEX is this protects WaitQueue") on Object
Created com.surelogic.dropsea.ir.drops.locks.LockModel@18d29ea5 on java.lang.Object
##SUBTASK, Starting parallel EffectsAnalysis [8]: 0 for org.eclipse.jdt.launching.JRE_CONTAINER/org.eclipse.jdt.internal.debug.ui.launcher.StandardVMType/JavaSE-1.7
Starting parallel EffectsAnalysis [8]: 0 for org.eclipse.jdt.launching.JRE_CONTAINER/org.eclipse.jdt.internal.debug.ui.launcher.StandardVMType/JavaSE-1.7
##WORK, 1
##SUBTASK_DONE
##WORK, 1
##SUBTASK_DONE
##WORK, 1
##SUBTASK_DONE
##WORK, 1
##SUBTASK_DONE
##SUBTASK, Starting parallel UtilityAnalysis [5]: 33 for TestUtilityAssurance
Starting parallel UtilityAnalysis [5]: 33 for TestUtilityAssurance
##SUBTASK, Starting parallel SingletonAnalysis [6]: 33 for TestUtilityAssurance
Starting parallel SingletonAnalysis [6]: 33 for TestUtilityAssurance
##SUBTASK, Starting parallel LockAnalysis [7]: 33 for TestUtilityAssurance
Starting parallel LockAnalysis [7]: 33 for TestUtilityAssurance
Looking at @RegionLock("MUTEX is this protects WaitQueue") on Object
Created com.surelogic.dropsea.ir.drops.locks.LockModel@18d29ea5 on java.lang.Object
##SUBTASK, Starting parallel EffectsAnalysis [8]: 33 for TestUtilityAssurance
Starting parallel EffectsAnalysis [8]: 33 for TestUtilityAssurance
##SUBTASK, Checking [ Utility class ] constructors.NoConstructor
##SUBTASK, Checking [ Utility class ] test.Public
##SUBTASK, Checking [ Utility class ] test.Implements1
##SUBTASK, Checking [ Utility class ] calls.T.Q.QQ.QQQ.ACE #7
##SUBTASK, Checking [ Utility class ] constructors.ThrowsError
##SUBTASK, Checking [ Utility class ] calls.T.ACE #1
##SUBTASK, Checking [ Utility class ] test.I
##SUBTASK_DONE
##SUBTASK_DONE
##SUBTASK, Checking [ Singleton class ] calls.T.ACE #1
##SUBTASK, Checking [ Utility class ] calls.T.Q.QQ.ACE #4
##SUBTASK, Checking [ Singleton class ] test.I
##SUBTASK_DONE
##SUBTASK_DONE
##SUBTASK, Checking [ Singleton class ] calls.T.Q.QQ.ACE #4
##SUBTASK_DONE
##SUBTASK_DONE
##SUBTASK, Checking [ Lock policy ] test.I
##SUBTASK_DONE
##SUBTASK, Checking [ Lock policy ] calls.T.Q.QQ.ACE #4
##SUBTASK, Checking [ Singleton class ] calls.T.Q.QQ.QQQ.ACE #7
##SUBTASK, Checking [ Lock policy ] calls.T.ACE #1
##SUBTASK_DONE
##SUBTASK, Checking [ Lock policy ] calls.T.Q.QQ.QQQ.ACE #7
##SUBTASK_DONE
##SUBTASK_DONE
##SUBTASK, Checking [ Region effects ] calls.T.Q.QQ.ACE #4
##SUBTASK, Checking [ Region effects ] test.I
##SUBTASK_DONE
##SUBTASK_DONE
##SUBTASK_DONE
##SUBTASK, Checking [ Utility class ] test.Implements2
##SUBTASK_DONE
##SUBTASK_DONE
##SUBTASK_DONE
##SUBTASK, Checking [ Singleton class ] constructors.ThrowsError
##SUBTASK, Checking [ Singleton class ] test.Public
##SUBTASK_DONE
##SUBTASK_DONE
##SUBTASK, Checking [ Utility class ] calls.T.Q.QQ.ACE #5
##SUBTASK, Checking [ Singleton class ] test.Implements1
##SUBTASK_DONE
##SUBTASK, Checking [ Lock policy ] test.Public
##SUBTASK, Checking [ Lock policy ] constructors.ThrowsError
##SUBTASK_DONE
##SUBTASK, Checking [ Singleton class ] constructors.NoConstructor
##SUBTASK, Checking [ Singleton class ] test.Implements2
##SUBTASK_DONE
##SUBTASK, Checking [ Singleton class ] calls.T.Q.QQ.ACE #5
##SUBTASK_DONE
##SUBTASK_DONE
##SUBTASK, Checking [ Lock policy ] constructors.NoConstructor
##SUBTASK_DONE
##SUBTASK, Checking [ Lock policy ] test.Implements2
##SUBTASK, Checking [ Lock policy ] calls.T.Q.QQ.ACE #5
##SUBTASK, Checking [ Lock policy ] test.Implements1
##SUBTASK_DONE
##SUBTASK_DONE
##SUBTASK, Checking [ Region effects ] calls.T.Q.QQ.ACE #5
##SUBTASK_DONE
##SUBTASK, Checking [ Region effects ] calls.T.Q.QQ.QQQ.ACE #7
##SUBTASK, Checking [ Region effects ] calls.T.ACE #1
##SUBTASK_DONE
##SUBTASK_DONE
##SUBTASK, Checking [ Utility class ] calls.T.U
##SUBTASK_DONE
##SUBTASK_DONE
##SUBTASK, Checking [ Utility class ] constructors.PrivateConstructor
##SUBTASK, Checking [ Utility class ] calls.T.Q.QQ.QQQ
##SUBTASK, Checking [ Singleton class ] calls.T.U
##SUBTASK_DONE
##SUBTASK_DONE
##SUBTASK, Checking [ Singleton class ] calls.T.Q.QQ.QQQ
##SUBTASK_DONE
##SUBTASK, Checking [ Lock policy ] calls.T.U
##SUBTASK, Checking [ Lock policy ] calls.T.Q.QQ.QQQ
##SUBTASK_DONE
##SUBTASK, Checking [ Singleton class ] constructors.PrivateConstructor
##SUBTASK_DONE
##SUBTASK, Checking [ Lock policy ] constructors.PrivateConstructor
##SUBTASK_DONE
##SUBTASK_DONE
##SUBTASK, Checking [ Region effects ] constructors.NoConstructor
##SUBTASK, Checking [ Region effects ] test.Implements2
##SUBTASK_DONE
##SUBTASK_DONE
##SUBTASK_DONE
##SUBTASK_DONE
##SUBTASK, Checking [ Region effects ] constructors.PrivateConstructor
##SUBTASK, Checking [ Region effects ] constructors.ThrowsError
##SUBTASK_DONE
##SUBTASK, Checking [ Region effects ] test.Implements1
##SUBTASK, Checking [ Region effects ] calls.T.U
##SUBTASK, Checking [ Region effects ] test.Public
##SUBTASK_DONE
##SUBTASK_DONE
##SUBTASK, Checking [ Utility class ] constructors.TooManyConstructors
##SUBTASK, Checking [ Utility class ] test.NotPublic
##SUBTASK_DONE
##SUBTASK_DONE
##SUBTASK_DONE
##SUBTASK_DONE
##SUBTASK, Checking [ Utility class ] constructors.ThrowsWrong
##SUBTASK_DONE
##SUBTASK, Checking [ Utility class ] calls.T.U.UU
##SUBTASK, Checking [ Utility class ] test.TestStatic
##SUBTASK_DONE
##SUBTASK_DONE
##SUBTASK, Checking [ Utility class ] constructors.BusyConstructor
##SUBTASK, Checking [ Singleton class ] constructors.TooManyConstructors
##SUBTASK_DONE
##SUBTASK_DONE
##SUBTASK, Checking [ Singleton class ] test.NotPublic
##SUBTASK, Checking [ Utility class ] calls.T.Q
##SUBTASK_DONE
##SUBTASK_DONE
##SUBTASK_DONE
##SUBTASK, Checking [ Lock policy ] test.NotPublic
##SUBTASK, Checking [ Lock policy ] constructors.TooManyConstructors
##SUBTASK, Checking [ Singleton class ] constructors.ThrowsWrong
##SUBTASK, Checking [ Singleton class ] calls.T.Q
##SUBTASK_DONE
##SUBTASK, Checking [ Singleton class ] calls.T.U.UU
##SUBTASK, Checking [ Lock policy ] calls.T.Q
##SUBTASK_DONE
##SUBTASK, Checking [ Lock policy ] constructors.ThrowsWrong
##SUBTASK_DONE
##SUBTASK, Checking [ Region effects ] test.NotPublic
##SUBTASK_DONE
##SUBTASK, Checking [ Lock policy ] calls.T.U.UU
##SUBTASK_DONE
##SUBTASK, Checking [ Singleton class ] constructors.BusyConstructor
##SUBTASK_DONE
##SUBTASK_DONE
##SUBTASK, Checking [ Region effects ] calls.T.U.UU
##SUBTASK_DONE
##SUBTASK_DONE
##SUBTASK, Checking [ Region effects ] constructors.TooManyConstructors
##SUBTASK_DONE
##SUBTASK, Checking [ Lock policy ] constructors.BusyConstructor
##SUBTASK_DONE
##SUBTASK_DONE
##SUBTASK, Checking [ Region effects ] calls.T.Q.QQ.QQQ
##SUBTASK_DONE
##SUBTASK, Checking [ Region effects ] constructors.ThrowsWrong
##SUBTASK_DONE
##SUBTASK, Checking [ Region effects ] constructors.BusyConstructor
##SUBTASK, Checking [ Utility class ] test.NotFromObject
##SUBTASK_DONE
##SUBTASK, Checking [ Utility class ] constructors.PublicConstructor
##SUBTASK, Checking [ Utility class ] calls.T.U.UU.UUU
##SUBTASK_DONE
##SUBTASK_DONE
##SUBTASK, Checking [ Singleton class ] test.TestStatic
##SUBTASK_DONE
##SUBTASK_DONE
##SUBTASK, Checking [ Utility class ] test.J
##SUBTASK_DONE
##SUBTASK_DONE
##SUBTASK_DONE
##SUBTASK, Checking [ Region effects ] calls.T.Q
##SUBTASK_DONE
##SUBTASK, Checking [ Singleton class ] calls.T.U.UU.UUU
##SUBTASK, Checking [ Utility class ] test.Other
##SUBTASK_DONE
##SUBTASK_DONE
##SUBTASK, Checking [ Lock policy ] calls.T.U.UU.UUU
##SUBTASK, Checking [ Singleton class ] test.Other
##SUBTASK, Checking [ Singleton class ] test.NotFromObject
##SUBTASK, Checking [ Lock policy ] test.TestStatic
##SUBTASK, Checking [ Singleton class ] test.J
##SUBTASK, Checking [ Singleton class ] constructors.PublicConstructor
##SUBTASK_DONE
##SUBTASK, Checking [ Lock policy ] test.J
##SUBTASK_DONE
##SUBTASK, Checking [ Lock policy ] test.NotFromObject
##SUBTASK_DONE
##SUBTASK, Checking [ Region effects ] calls.T.U.UU.UUU
##SUBTASK_DONE
##SUBTASK_DONE
##SUBTASK, Checking [ Region effects ] test.J
##SUBTASK_DONE
##SUBTASK_DONE
##SUBTASK_DONE
##SUBTASK_DONE
##SUBTASK, Checking [ Utility class ] calls.T.Q.ACE #3
##SUBTASK_DONE
##SUBTASK_DONE
##SUBTASK, Checking [ Lock policy ] constructors.PublicConstructor
##SUBTASK, Checking [ Utility class ] calls.T
##SUBTASK, Checking [ Lock policy ] test.Other
##SUBTASK, Checking [ Utility class ] calls.T.Q.ACE #2
##SUBTASK, Checking [ Region effects ] test.NotFromObject
##SUBTASK, Checking [ Utility class ] calls.T.Q.QQ.QQQ.ACE #6
##SUBTASK_DONE
##SUBTASK_DONE
##SUBTASK, Checking [ Region effects ] test.Other
##SUBTASK_DONE
##SUBTASK, Checking [ Singleton class ] calls.T.Q.ACE #3
##SUBTASK_DONE
##SUBTASK_DONE
##SUBTASK, Checking [ Region effects ] constructors.PublicConstructor
##SUBTASK_DONE
##SUBTASK, Checking [ Utility class ] test.NotFinal
##SUBTASK_DONE
##SUBTASK, Checking [ Singleton class ] calls.T.Q.ACE #2
##SUBTASK_DONE
##SUBTASK, Checking [ Lock policy ] calls.T.Q.ACE #2
##SUBTASK, Checking [ Singleton class ] calls.T.Q.QQ.QQQ.ACE #6
##SUBTASK_DONE
##SUBTASK_DONE
##SUBTASK, Checking [ Lock policy ] calls.T.Q.ACE #3
##SUBTASK_DONE
##SUBTASK, Checking [ Region effects ] calls.T.Q.ACE #3
##SUBTASK_DONE
##SUBTASK_DONE
##SUBTASK, Checking [ Singleton class ] test.NotFinal
##SUBTASK_DONE
##SUBTASK_DONE
##SUBTASK, Checking [ Region effects ] calls.T.Q.ACE #2
##SUBTASK_DONE
##SUBTASK, Checking [ Lock policy ] calls.T.Q.QQ.QQQ.ACE #6
##SUBTASK_DONE
##SUBTASK_DONE
##SUBTASK, Checking [ Region effects ] calls.T.Q.QQ.QQQ.ACE #6
##SUBTASK_DONE
##SUBTASK_DONE
##SUBTASK, Checking [ Singleton class ] calls.T
##SUBTASK, Checking [ Utility class ] calls.T.Q.QQ
##SUBTASK_DONE
##SUBTASK_DONE
##SUBTASK, Checking [ Lock policy ] calls.T
##SUBTASK, Checking [ Singleton class ] calls.T.Q.QQ
##SUBTASK_DONE
##SUBTASK, Checking [ Lock policy ] calls.T.Q.QQ
##SUBTASK_DONE
##SUBTASK, Checking [ Region effects ] test.TestStatic
##SUBTASK, Checking [ Lock policy ] test.NotFinal
##SUBTASK_DONE
##SUBTASK, Checking [ Region effects ] test.NotFinal
##SUBTASK_DONE
##SUBTASK, Checking [ Utility class ] constructors.ConstructorHasArgs
##SUBTASK_DONE
##SUBTASK, Checking [ Singleton class ] constructors.ConstructorHasArgs
##SUBTASK_DONE
##SUBTASK, Checking [ Lock policy ] constructors.ConstructorHasArgs
##SUBTASK, Checking [ Utility class ] calls.T.ACE #0
##SUBTASK_DONE
##SUBTASK, Checking [ Singleton class ] calls.T.ACE #0
##SUBTASK_DONE
##SUBTASK, Checking [ Lock policy ] calls.T.ACE #0
##SUBTASK_DONE
##SUBTASK_DONE
##SUBTASK, Checking [ Region effects ] constructors.ConstructorHasArgs
##SUBTASK_DONE
##SUBTASK_DONE
##SUBTASK_DONE
##SUBTASK, Checking [ Region effects ] calls.T.ACE #0
##SUBTASK_DONE
##SUBTASK_DONE
##SUBTASK, Checking [ Region effects ] calls.T
##SUBTASK, Checking [ Region effects ] calls.T.Q.QQ
##SUBTASK_DONE
##SUBTASK_DONE
##WORK, 1
##SUBTASK_DONE
##WORK, 1
##SUBTASK_DONE
##WORK, 1
##SUBTASK_DONE
##WORK, 1
##SUBTASK_DONE
Starting group: UniquenessAnalysisModule
##SUBTASK, Cleaning up after analysis
Cleaning up after analysis
[GC (System.gc())  116885K->62589K(429568K), 0.0068670 secs]
[Full GC (System.gc())  62589K->36564K(429568K), 0.1344240 secs]
##WORK, 1
##SUBTASK_DONE
Updating consistency proof
##SUBTASK, Updating consistency proof
Exporting results to TestUtilityAssurance-2015.06.16-at-14.42.19.234
##SUBTASK, Exporting results to TestUtilityAssurance-2015.06.16-at-14.42.19.234
Creating snapshot: /Users/aarong/Work/Eclipse-Workspaces/Eclipse-luna/Fluid Regression/.jsure-data/TestUtilityAssurance-2015.06.16-at-14.42.19.234/running_or_crashed_sea_snapshot.xml.gz
Done in 4295 ms.
ThreadEffectsModule	: 17 ms
StructureAnalysis	: 2 ms
ParameterizedTypeAnalysis	: 4 ms
EqualityAnalysis	: 50 ms
LayersAnalysis	: 138 ms
UtilityAnalysis	: 49 ms
SingletonAnalysis	: 3 ms
LockAnalysis	: 234 ms
EffectsAnalysis	: 32 ms
UniquenessAnalysisModule	: 0 ms
[2015-06-16 14:42:25    INFO] partial bindings = 6818 (in method edu.cmu.cs.fluid.java.bind.AbstractJavaBinder.printStats(-) thread "main")
[2015-06-16 14:42:25    INFO] full bindings = 238 (in method edu.cmu.cs.fluid.java.bind.AbstractJavaBinder.printStats(-) thread "main")
cached = 0
totalT = 0
#Performance data for TestUtilityAssurance
#Tue Jun 16 14:42:25 EDT 2015
jsure.Add.required=0
jsure.All.analyses=322
jsure.Binding.before.canon=67
jsure.Binding.full.time=225
jsure.Binding.partial.time=270
jsure.Bindings.full=238
jsure.Bindings.partial=6818
jsure.Canonicalization=151
jsure.Cleanup=111
jsure.Destroy.time=8
jsure.Drop.creation=22
jsure.Find.canon.time=3
jsure.Parsing=925
jsure.Promise.parsing=610
jsure.Promise.scrubbing=1491
jsure.Sea.export=598
jsure.Sea.update=65
jsure.Total.JSure.time=4295
jsure.Total.blocks=40
jsure.Total.canonical=888
jsure.Total.decls=137
jsure.Total.destroyed=0
jsure.Total.gced=0
jsure.Total.loc=328
jsure.Total.nodes=62449
jsure.Total.stmts=77
jsure.Total.try.destroyed=142
jsure.analysis.EffectsAnalysis=32
jsure.analysis.EqualityAnalysis=50
jsure.analysis.LayersAnalysis=138
jsure.analysis.LockAnalysis=234
jsure.analysis.ParameterizedTypeAnalysis=4
jsure.analysis.SingletonAnalysis=3
jsure.analysis.StructureAnalysis=2
jsure.analysis.ThreadEffectsModule=17
jsure.analysis.UniquenessAnalysisModule=0
jsure.analysis.UtilityAnalysis=49
jsure.num.threads=8
Javac making log: AnnotationRules
##DONE
Renaming snapshot: /Users/aarong/Work/Eclipse-Workspaces/Eclipse-luna/Fluid Regression/.jsure-data/TestUtilityAssurance-2015.06.16-at-14.42.19.234/sea_snapshot.xml.gz
Done with JSure!
Scanning complete (5620 ms)
No socket to close
Closing std streams
Process result after waiting = 0
